#
# A fatal error has been detected by the Java Runtime Environment:
#
#  SIGSEGV (0xb) at pc=0x00007f2a283bcc08, pid=7657, tid=139819068212992
#
# JRE version: OpenJDK Runtime Environment (7.0_65-b32) (build 1.7.0_65-b32)
# Java VM: OpenJDK 64-Bit Server VM (24.65-b04 mixed mode linux-amd64 compressed oops)
# Derivative: IcedTea 2.5.3
# Distribution: Ubuntu 14.04 LTS, package 7u71-2.5.3-0ubuntu0.14.04.1
# Problematic frame:
# C  [_jpype.so+0x40c08]  JPJavaEnv::FindClass(char const*)+0x28
#
# Failed to write core dump. Core dumps have been disabled. To enable core dumping, try "ulimit -c unlimited" before starting Java again
#
# If you would like to submit a bug report, please include
# instructions on how to reproduce the bug and visit:
#   http://icedtea.classpath.org/bugzilla
#

---------------  T H R E A D  ---------------

Current thread is native thread

siginfo:si_signo=SIGSEGV: si_errno=0, si_code=1 (SEGV_MAPERR), si_addr=0x0000000000000000

Registers:
RAX=0x00007f2a24062c70, RBX=0x00007f2a286097b8, RCX=0x00007f2a14001940, RDX=0x0000000000000000
RSP=0x00007f2a29e49680, RBP=0x0000000000000000, RSI=0x0000000000000001, RDI=0x00000000018b3220
R8 =0x0000000000000000, R9 =0x00007f2a1401c100, R10=0x00007f2a2837a960, R11=0x00007f2a283ec400
R12=0x00007f2a24062c70, R13=0x00007f2a1401b9f8, R14=0x00007f2a28362480, R15=0x00007f2a29e49740
RIP=0x00007f2a283bcc08, EFLAGS=0x0000000000010246, CSGSFS=0x0000000000000033, ERR=0x0000000000000004
  TRAPNO=0x000000000000000e

Top of Stack: (sp=0x00007f2a29e49680)
0x00007f2a29e49680:   00007f2a29e497d8 00007f2a29e49770
0x00007f2a29e49690:   00007f2a28362420 0000000000000000
0x00007f2a29e496a0:   00007f2a28362420 00007f2a283a6413
0x00007f2a29e496b0:   00007f2a1401c100 00007f2a00000038
0x00007f2a29e496c0:   00007f2a28609728 00007f2a29e49730
0x00007f2a29e496d0:   00007f2a29e49998 00007f2a29e49990
0x00007f2a29e496e0:   0000000000000000 00007f2a29e49750
0x00007f2a29e496f0:   00007f2a1401a238 00007f2a29e4971f
0x00007f2a29e49700:   00007f2a1401a278 00007f2a24062c70
0x00007f2a29e49710:   00007f2a1401b9f8 00007f2a24062c70
0x00007f2a29e49720:   00007f2a1401b9c8 0000000000539995
0x00007f2a29e49730:   00007f2a1401c118 00007f2a10b585c8
0x00007f2a29e49740:   00007f2a1401c118 00007f2a14000020
0x00007f2a29e49750:   00007f2a286050f0 00007f2a1401a238
0x00007f2a29e49760:   00007f2a1401a500 0000000000000008
0x00007f2a29e49770:   00007f2a286052d0 0000000000000000
0x00007f2a29e49780:   0000000000000000 0000000000000000
0x00007f2a29e49790:   0000000000000000 0000000000000000
0x00007f2a29e497a0:   0000000000000000 0000000000000000
0x00007f2a29e497b0:   0000000000000000 0000000000000000
0x00007f2a29e497c0:   00007f2a2837ae00 0000000000000018
0x00007f2a29e497d0:   00007f2a14006368 00007f2a2835ff30
0x00007f2a29e497e0:   0000000000000006 0000000000000000
0x00007f2a29e497f0:   0000000000001002 00007f2a00000000
0x00007f2a29e49800:   0000000000000000 0000000000000000
0x00007f2a29e49810:   0000000000000000 0000000000000000
0x00007f2a29e49820:   0000000000000000 0000000000000000
0x00007f2a29e49830:   0000000000000000 0000000000000000
0x00007f2a29e49840:   0000000000000000 0000000000000000
0x00007f2a29e49850:   0000000000000000 0000000000000000
0x00007f2a29e49860:   0000000000000000 0000000000000000
0x00007f2a29e49870:   0000000000000000 0000000000000000 

Instructions: (pc=0x00007f2a283bcc08)
0x00007f2a283bcbe8:   53 48 83 ec 08 e8 4e 2b ff ff 48 8b 1d ef a0 24
0x00007f2a283bcbf8:   00 48 89 c5 48 8b 3b 48 8b 07 ff 50 30 49 89 c4
0x00007f2a283bcc08:   48 8b 45 00 48 89 ef 4c 89 ee ff 50 30 48 8b 3b
0x00007f2a283bcc18:   48 89 c5 4c 89 e6 48 8b 07 ff 50 38 48 8b 05 7d 

Register to memory mapping:

RAX=
[error occurred during error reporting (printing register info), id 0xb]

Stack: [0x00007f2a2964c000,0x00007f2a29e4d000],  sp=0x00007f2a29e49680,  free space=8181k
Native frames: (J=compiled Java code, j=interpreted, Vv=VM code, C=native code)
C  [_jpype.so+0x40c08]  JPJavaEnv::FindClass(char const*)+0x28

[error occurred during error reporting (printing native stack), id 0xb]


---------------  P R O C E S S  ---------------

VM state:at safepoint (shutting down)

VM Mutex/Monitor currently owned by a thread:  ([mutex/lock_event])
[0x00007f2a20014810] Threads_lock - owner thread: 0x00007f2a201b7800

Heap
 def new generation   total 3136K, used 841K [0x00000000e6400000, 0x00000000e6760000, 0x00000000eb600000)
  eden space 2816K,  18% used [0x00000000e6400000, 0x00000000e6482640, 0x00000000e66c0000)
  from space 320K,  99% used [0x00000000e6710000, 0x00000000e675fff8, 0x00000000e6760000)
  to   space 320K,   0% used [0x00000000e66c0000, 0x00000000e66c0000, 0x00000000e6710000)
 tenured generation   total 6860K, used 4518K [0x00000000eb600000, 0x00000000ebcb3000, 0x00000000f5a00000)
   the space 6860K,  65% used [0x00000000eb600000, 0x00000000eba69a88, 0x00000000eba69c00, 0x00000000ebcb3000)
 compacting perm gen  total 21248K, used 9908K [0x00000000f5a00000, 0x00000000f6ec0000, 0x0000000100000000)
   the space 21248K,  46% used [0x00000000f5a00000, 0x00000000f63ad110, 0x00000000f63ad200, 0x00000000f6ec0000)
No shared spaces configured.

Card table byte_map: [0x00007f2a1179a000,0x00007f2a11869000] byte_map_base: 0x00007f2a11068000

Polling page: 0x00007f2a2f128000

Code Cache  [0x00007f2a05000000, 0x00007f2a05270000, 0x00007f2a08000000)
 total_blobs=284 nmethods=45 adapters=193 free_code_cache=48673Kb largest_free_block=49826496

Compilation events (10 events):
Event: 1.203 Thread 0x00007f2a201ed000 nmethod 41 0x00007f2a05077410 code [0x00007f2a05077560, 0x00007f2a050776b8]
Event: 1.203 Thread 0x00007f2a201ed000   42             java.lang.CharacterDataLatin1::toLowerCase (39 bytes)
Event: 1.203 Thread 0x00007f2a201ed000 nmethod 42 0x00007f2a05077190 code [0x00007f2a050772c0, 0x00007f2a05077378]
Event: 1.216 Thread 0x00007f2a201ef000 nmethod 40 0x00007f2a05078590 code [0x00007f2a05078740, 0x00007f2a05078f88]
Event: 1.231 Thread 0x00007f2a201ed000   43             java.lang.String::<init> (67 bytes)
Event: 1.234 Thread 0x00007f2a201ed000 nmethod 43 0x00007f2a050795d0 code [0x00007f2a05079720, 0x00007f2a05079998]
Event: 1.265 Thread 0x00007f2a201ef000   44             java.util.zip.ZStreamRef::address (5 bytes)
Event: 1.265 Thread 0x00007f2a201ef000 nmethod 44 0x00007f2a05079bd0 code [0x00007f2a05079d00, 0x00007f2a05079d58]
Event: 1.281 Thread 0x00007f2a201ef000   45             java.util.ArrayList::size (5 bytes)
Event: 1.282 Thread 0x00007f2a201ef000 nmethod 45 0x00007f2a050769d0 code [0x00007f2a05076b00, 0x00007f2a05076b58]

GC Heap History (10 events):
Event: 0.822 GC heap before
{Heap before GC invocations=6 (full 0):
 def new generation   total 2368K, used 2296K [0x00000000e6400000, 0x00000000e6690000, 0x00000000eb600000)
  eden space 2112K,  96% used [0x00000000e6400000, 0x00000000e65fe128, 0x00000000e6610000)
  from space 256K,  99% used [0x00000000e6610000, 0x00000000e664fff0, 0x00000000e6650000)
  to   space 256K,   0% used [0x00000000e6650000, 0x00000000e6650000, 0x00000000e6690000)
 tenured generation   total 5248K, used 2525K [0x00000000eb600000, 0x00000000ebb20000, 0x00000000f5a00000)
   the space 5248K,  48% used [0x00000000eb600000, 0x00000000eb8776a0, 0x00000000eb877800, 0x00000000ebb20000)
 compacting perm gen  total 21248K, used 7102K [0x00000000f5a00000, 0x00000000f6ec0000, 0x0000000100000000)
   the space 21248K,  33% used [0x00000000f5a00000, 0x00000000f60efb00, 0x00000000f60efc00, 0x00000000f6ec0000)
No shared spaces configured.
Event: 0.827 GC heap after
Heap after GC invocations=7 (full 0):
 def new generation   total 2368K, used 256K [0x00000000e6400000, 0x00000000e6690000, 0x00000000eb600000)
  eden space 2112K,   0% used [0x00000000e6400000, 0x00000000e6400000, 0x00000000e6610000)
  from space 256K, 100% used [0x00000000e6650000, 0x00000000e6690000, 0x00000000e6690000)
  to   space 256K,   0% used [0x00000000e6610000, 0x00000000e6610000, 0x00000000e6650000)
 tenured generation   total 5248K, used 3061K [0x00000000eb600000, 0x00000000ebb20000, 0x00000000f5a00000)
   the space 5248K,  58% used [0x00000000eb600000, 0x00000000eb8fd560, 0x00000000eb8fd600, 0x00000000ebb20000)
 compacting perm gen  total 21248K, used 7102K [0x00000000f5a00000, 0x00000000f6ec0000, 0x0000000100000000)
   the space 21248K,  33% used [0x00000000f5a00000, 0x00000000f60efb00, 0x00000000f60efc00, 0x00000000f6ec0000)
No shared spaces configured.
}
Event: 0.899 GC heap before
{Heap before GC invocations=7 (full 0):
 def new generation   total 2368K, used 2368K [0x00000000e6400000, 0x00000000e6690000, 0x00000000eb600000)
  eden space 2112K, 100% used [0x00000000e6400000, 0x00000000e6610000, 0x00000000e6610000)
  from space 256K, 100% used [0x00000000e6650000, 0x00000000e6690000, 0x00000000e6690000)
  to   space 256K,   0% used [0x00000000e6610000, 0x00000000e6610000, 0x00000000e6650000)
 tenured generation   total 5248K, used 3061K [0x00000000eb600000, 0x00000000ebb20000, 0x00000000f5a00000)
   the space 5248K,  58% used [0x00000000eb600000, 0x00000000eb8fd560, 0x00000000eb8fd600, 0x00000000ebb20000)
 compacting perm gen  total 21248K, used 7418K [0x00000000f5a00000, 0x00000000f6ec0000, 0x0000000100000000)
   the space 21248K,  34% used [0x00000000f5a00000, 0x00000000f613ea60, 0x00000000f613ec00, 0x00000000f6ec0000)
No shared spaces configured.
Event: 0.902 GC heap after
Heap after GC invocations=8 (full 0):
 def new generation   total 2368K, used 256K [0x00000000e6400000, 0x00000000e6690000, 0x00000000eb600000)
  eden space 2112K,   0% used [0x00000000e6400000, 0x00000000e6400000, 0x00000000e6610000)
  from space 256K, 100% used [0x00000000e6610000, 0x00000000e6650000, 0x00000000e6650000)
  to   space 256K,   0% used [0x00000000e6650000, 0x00000000e6650000, 0x00000000e6690000)
 tenured generation   total 5248K, used 4437K [0x00000000eb600000, 0x00000000ebb20000, 0x00000000f5a00000)
   the space 5248K,  84% used [0x00000000eb600000, 0x00000000eba55540, 0x00000000eba55600, 0x00000000ebb20000)
 compacting perm gen  total 21248K, used 7418K [0x00000000f5a00000, 0x00000000f6ec0000, 0x0000000100000000)
   the space 21248K,  34% used [0x00000000f5a00000, 0x00000000f613ea60, 0x00000000f613ec00, 0x00000000f6ec0000)
No shared spaces configured.
}
Event: 0.977 GC heap before
{Heap before GC invocations=8 (full 0):
 def new generation   total 2368K, used 2367K [0x00000000e6400000, 0x00000000e6690000, 0x00000000eb600000)
  eden space 2112K,  99% used [0x00000000e6400000, 0x00000000e660fec8, 0x00000000e6610000)
  from space 256K, 100% used [0x00000000e6610000, 0x00000000e6650000, 0x00000000e6650000)
  to   space 256K,   0% used [0x00000000e6650000, 0x00000000e6650000, 0x00000000e6690000)
 tenured generation   total 5248K, used 4437K [0x00000000eb600000, 0x00000000ebb20000, 0x00000000f5a00000)
   the space 5248K,  84% used [0x00000000eb600000, 0x00000000eba55540, 0x00000000eba55600, 0x00000000ebb20000)
 compacting perm gen  total 21248K, used 7817K [0x00000000f5a00000, 0x00000000f6ec0000, 0x0000000100000000)
   the space 21248K,  36% used [0x00000000f5a00000, 0x00000000f61a2720, 0x00000000f61a2800, 0x00000000f6ec0000)
No shared spaces configured.
Event: 0.979 GC heap after
Heap after GC invocations=9 (full 0):
 def new generation   total 2368K, used 256K [0x00000000e6400000, 0x00000000e6690000, 0x00000000eb600000)
  eden space 2112K,   0% used [0x00000000e6400000, 0x00000000e6400000, 0x00000000e6610000)
  from space 256K, 100% used [0x00000000e6650000, 0x00000000e6690000, 0x00000000e6690000)
  to   space 256K,   0% used [0x00000000e6610000, 0x00000000e6610000, 0x00000000e6650000)
 tenured generation   total 5248K, used 5133K [0x00000000eb600000, 0x00000000ebb20000, 0x00000000f5a00000)
   the space 5248K,  97% used [0x00000000eb600000, 0x00000000ebb034e0, 0x00000000ebb03600, 0x00000000ebb20000)
 compacting perm gen  total 21248K, used 7817K [0x00000000f5a00000, 0x00000000f6ec0000, 0x0000000100000000)
   the space 21248K,  36% used [0x00000000f5a00000, 0x00000000f61a2720, 0x00000000f61a2800, 0x00000000f6ec0000)
No shared spaces configured.
}
Event: 1.154 GC heap before
{Heap before GC invocations=9 (full 0):
 def new generation   total 2368K, used 2368K [0x00000000e6400000, 0x00000000e6690000, 0x00000000eb600000)
  eden space 2112K, 100% used [0x00000000e6400000, 0x00000000e6610000, 0x00000000e6610000)
  from space 256K, 100% used [0x00000000e6650000, 0x00000000e6690000, 0x00000000e6690000)
  to   space 256K,   0% used [0x00000000e6610000, 0x00000000e6610000, 0x00000000e6650000)
 tenured generation   total 5248K, used 5133K [0x00000000eb600000, 0x00000000ebb20000, 0x00000000f5a00000)
   the space 5248K,  97% used [0x00000000eb600000, 0x00000000ebb034e0, 0x00000000ebb03600, 0x00000000ebb20000)
 compacting perm gen  total 21248K, used 8805K [0x00000000f5a00000, 0x00000000f6ec0000, 0x0000000100000000)
   the space 21248K,  41% used [0x00000000f5a00000, 0x00000000f6299638, 0x00000000f6299800, 0x00000000f6ec0000)
No shared spaces configured.
Event: 1.173 GC heap after
Heap after GC invocations=10 (full 1):
 def new generation   total 3136K, used 0K [0x00000000e6400000, 0x00000000e6760000, 0x00000000eb600000)
  eden space 2816K,   0% used [0x00000000e6400000, 0x00000000e6400000, 0x00000000e66c0000)
  from space 320K,   0% used [0x00000000e66c0000, 0x00000000e66c0000, 0x00000000e6710000)
  to   space 320K,   0% used [0x00000000e6710000, 0x00000000e6710000, 0x00000000e6760000)
 tenured generation   total 6860K, used 4114K [0x00000000eb600000, 0x00000000ebcb3000, 0x00000000f5a00000)
   the space 6860K,  59% used [0x00000000eb600000, 0x00000000eba04808, 0x00000000eba04a00, 0x00000000ebcb3000)
 compacting perm gen  total 21248K, used 8805K [0x00000000f5a00000, 0x00000000f6ec0000, 0x0000000100000000)
   the space 21248K,  41% used [0x00000000f5a00000, 0x00000000f6299638, 0x00000000f6299800, 0x00000000f6ec0000)
No shared spaces configured.
}
Event: 1.293 GC heap before
{Heap before GC invocations=10 (full 1):
 def new generation   total 3136K, used 2816K [0x00000000e6400000, 0x00000000e6760000, 0x00000000eb600000)
  eden space 2816K, 100% used [0x00000000e6400000, 0x00000000e66c0000, 0x00000000e66c0000)
  from space 320K,   0% used [0x00000000e66c0000, 0x00000000e66c0000, 0x00000000e6710000)
  to   space 320K,   0% used [0x00000000e6710000, 0x00000000e6710000, 0x00000000e6760000)
 tenured generation   total 6860K, used 4114K [0x00000000eb600000, 0x00000000ebcb3000, 0x00000000f5a00000)
   the space 6860K,  59% used [0x00000000eb600000, 0x00000000eba04808, 0x00000000eba04a00, 0x00000000ebcb3000)
 compacting perm gen  total 21248K, used 9803K [0x00000000f5a00000, 0x00000000f6ec0000, 0x0000000100000000)
   the space 21248K,  46% used [0x00000000f5a00000, 0x00000000f6392e40, 0x00000000f6393000, 0x00000000f6ec0000)
No shared spaces configured.
Event: 1.295 GC heap after
Heap after GC invocations=11 (full 1):
 def new generation   total 3136K, used 319K [0x00000000e6400000, 0x00000000e6760000, 0x00000000eb600000)
  eden space 2816K,   0% used [0x00000000e6400000, 0x00000000e6400000, 0x00000000e66c0000)
  from space 320K,  99% used [0x00000000e6710000, 0x00000000e675fff8, 0x00000000e6760000)
  to   space 320K,   0% used [0x00000000e66c0000, 0x00000000e66c0000, 0x00000000e6710000)
 tenured generation   total 6860K, used 4518K [0x00000000eb600000, 0x00000000ebcb3000, 0x00000000f5a00000)
   the space 6860K,  65% used [0x00000000eb600000, 0x00000000eba69a88, 0x00000000eba69c00, 0x00000000ebcb3000)
 compacting perm gen  total 21248K, used 9803K [0x00000000f5a00000, 0x00000000f6ec0000, 0x0000000100000000)
   the space 21248K,  46% used [0x00000000f5a00000, 0x00000000f6392e40, 0x00000000f6393000, 0x00000000f6ec0000)
No shared spaces configured.
}

Deoptimization events (1 events):
Event: 0.516 Thread 0x00007f2a20017800 Uncommon trap: reason=null_check action=make_not_entrant pc=0x00007f2a0506afd8 method=java.lang.String.equals(Ljava/lang/Object;)Z @ 8

Internal exceptions (10 events):
Event: 1.307 Thread 0x00007f2a20017800 Threw 0x00000000e6445b40 at /build/buildd/openjdk-7-7u71-2.5.3/build/openjdk/hotspot/src/share/vm/prims/jvm.cpp:1284
Event: 1.307 Thread 0x00007f2a20017800 Threw 0x00000000e6448648 at /build/buildd/openjdk-7-7u71-2.5.3/build/openjdk/hotspot/src/share/vm/prims/jvm.cpp:1284
Event: 1.307 Thread 0x00007f2a20017800 Threw 0x00000000e644d9b0 at /build/buildd/openjdk-7-7u71-2.5.3/build/openjdk/hotspot/src/share/vm/prims/jvm.cpp:1284
Event: 1.308 Thread 0x00007f2a20017800 Threw 0x00000000e64514d8 at /build/buildd/openjdk-7-7u71-2.5.3/build/openjdk/hotspot/src/share/vm/prims/jvm.cpp:1284
Event: 1.308 Thread 0x00007f2a20017800 Threw 0x00000000e6455998 at /build/buildd/openjdk-7-7u71-2.5.3/build/openjdk/hotspot/src/share/vm/prims/jvm.cpp:1284
Event: 1.309 Thread 0x00007f2a20017800 Threw 0x00000000e645b770 at /build/buildd/openjdk-7-7u71-2.5.3/build/openjdk/hotspot/src/share/vm/prims/jvm.cpp:1284
Event: 1.310 Thread 0x00007f2a20017800 Threw 0x00000000e6463278 at /build/buildd/openjdk-7-7u71-2.5.3/build/openjdk/hotspot/src/share/vm/prims/jvm.cpp:1284
Event: 1.310 Thread 0x00007f2a20017800 Threw 0x00000000e6469310 at /build/buildd/openjdk-7-7u71-2.5.3/build/openjdk/hotspot/src/share/vm/prims/jvm.cpp:1284
Event: 1.311 Thread 0x00007f2a20017800 Threw 0x00000000e646bf38 at /build/buildd/openjdk-7-7u71-2.5.3/build/openjdk/hotspot/src/share/vm/prims/jvm.cpp:1284
Event: 1.311 Thread 0x00007f2a20017800 Threw 0x00000000e646f220 at /build/buildd/openjdk-7-7u71-2.5.3/build/openjdk/hotspot/src/share/vm/prims/jvm.cpp:1284

Events (10 events):
Event: 1.311 loading class 0x00007f2a2045b020 done
Event: 1.311 loading class 0x00007f2a20423030
Event: 1.311 loading class 0x00007f2a20423030 done
Event: 1.371 Thread 0x00007f2a20221000 Thread exited: 0x00007f2a20221000
Event: 1.372 loading class 0x00007f2a20053c90
Event: 1.372 loading class 0x00007f2a20053c90 done
Event: 1.372 loading class 0x00007f2a0c0a77c0
Event: 1.372 loading class 0x00007f2a0c0a77c0 done
Event: 1.372 Thread 0x00007f2a201eb000 Thread exited: 0x00007f2a201eb000
Event: 1.372 Thread 0x00007f2a20017800 Thread exited: 0x00007f2a20017800


Dynamic libraries:
00400000-006bd000 r-xp 00000000 08:01 139184                             /usr/bin/python2.7
008bc000-008bd000 r--p 002bc000 08:01 139184                             /usr/bin/python2.7
008bd000-00932000 rw-p 002bd000 08:01 139184                             /usr/bin/python2.7
00932000-00944000 rw-p 00000000 00:00 0 
01213000-019ea000 rw-p 00000000 00:00 0                                  [heap]
e6400000-e6760000 rw-p 00000000 00:00 0 
e6760000-eb600000 rw-p 00000000 00:00 0 
eb600000-ebcb3000 rw-p 00000000 00:00 0 
ebcb3000-f5a00000 rw-p 00000000 00:00 0 
f5a00000-f6ec0000 rw-p 00000000 00:00 0 
f6ec0000-100000000 rw-p 00000000 00:00 0 
7f2a00000000-7f2a00021000 rw-p 00000000 00:00 0 
7f2a00021000-7f2a04000000 ---p 00000000 00:00 0 
7f2a05000000-7f2a05270000 rwxp 00000000 00:00 0 
7f2a05270000-7f2a0816b000 rw-p 00000000 00:00 0 
7f2a0816b000-7f2a0c000000 ---p 00000000 00:00 0 
7f2a0c000000-7f2a0c20f000 rw-p 00000000 00:00 0 
7f2a0c20f000-7f2a10000000 ---p 00000000 00:00 0 
7f2a10b37000-7f2a10b77000 rw-p 00000000 00:00 0 
7f2a10b77000-7f2a10c39000 r--s 0127a000 08:01 58454                      /home/ganglia/django_proj/monitor/ganglia/metric.jar
7f2a10c39000-7f2a10c3c000 ---p 00000000 00:00 0 
7f2a10c3c000-7f2a10d3a000 rw-p 00000000 00:00 0 
7f2a10d3a000-7f2a10d3b000 ---p 00000000 00:00 0 
7f2a10d3b000-7f2a10e3b000 rw-p 00000000 00:00 0 
7f2a10e3b000-7f2a10e3e000 ---p 00000000 00:00 0 
7f2a10e3e000-7f2a10f3c000 rw-p 00000000 00:00 0                          [stack:7672]
7f2a10f3c000-7f2a10f3f000 ---p 00000000 00:00 0 
7f2a10f3f000-7f2a1103d000 rw-p 00000000 00:00 0                          [stack:7671]
7f2a1103d000-7f2a11040000 ---p 00000000 00:00 0 
7f2a11040000-7f2a1113e000 rw-p 00000000 00:00 0                          [stack:7670]
7f2a1113e000-7f2a11141000 ---p 00000000 00:00 0 
7f2a11141000-7f2a1123f000 rw-p 00000000 00:00 0 
7f2a1123f000-7f2a11242000 ---p 00000000 00:00 0 
7f2a11242000-7f2a11340000 rw-p 00000000 00:00 0                          [stack:7668]
7f2a11340000-7f2a11343000 ---p 00000000 00:00 0 
7f2a11343000-7f2a11441000 rw-p 00000000 00:00 0                          [stack:7667]
7f2a11441000-7f2a11442000 ---p 00000000 00:00 0 
7f2a11442000-7f2a11542000 rw-p 00000000 00:00 0 
7f2a11542000-7f2a116f3000 r--s 01d25000 08:01 203481                     /usr/lib/jvm/java-7-openjdk-amd64/jre/lib/rt.jar
7f2a116f3000-7f2a116fe000 rw-p 00000000 00:00 0 
7f2a116fe000-7f2a11747000 rw-p 00000000 00:00 0 
7f2a11747000-7f2a1174b000 rw-p 00000000 00:00 0 
7f2a1174b000-7f2a1179a000 rw-p 00000000 00:00 0 
7f2a1179a000-7f2a1179c000 rw-p 00000000 00:00 0 
7f2a1179c000-7f2a117c3000 rw-p 00000000 00:00 0 
7f2a117c3000-7f2a117c7000 rw-p 00000000 00:00 0 
7f2a117c7000-7f2a11815000 rw-p 00000000 00:00 0 
7f2a11815000-7f2a11820000 rw-p 00000000 00:00 0 
7f2a11820000-7f2a11868000 rw-p 00000000 00:00 0 
7f2a11868000-7f2a11873000 rw-p 00000000 00:00 0 
7f2a11873000-7f2a11929000 rw-p 00000000 00:00 0 
7f2a11929000-7f2a11931000 r-xp 00000000 08:01 308022                     /usr/lib/jvm/java-7-openjdk-amd64/jre/lib/amd64/libzip.so
7f2a11931000-7f2a11b30000 ---p 00008000 08:01 308022                     /usr/lib/jvm/java-7-openjdk-amd64/jre/lib/amd64/libzip.so
7f2a11b30000-7f2a11b31000 r--p 00007000 08:01 308022                     /usr/lib/jvm/java-7-openjdk-amd64/jre/lib/amd64/libzip.so
7f2a11b31000-7f2a11b32000 rw-p 00008000 08:01 308022                     /usr/lib/jvm/java-7-openjdk-amd64/jre/lib/amd64/libzip.so
7f2a11b32000-7f2a11b3d000 r-xp 00000000 08:01 138010                     /lib/x86_64-linux-gnu/libnss_nis-2.19.so
7f2a11b3d000-7f2a11d3c000 ---p 0000b000 08:01 138010                     /lib/x86_64-linux-gnu/libnss_nis-2.19.so
7f2a11d3c000-7f2a11d3d000 r--p 0000a000 08:01 138010                     /lib/x86_64-linux-gnu/libnss_nis-2.19.so
7f2a11d3d000-7f2a11d3e000 rw-p 0000b000 08:01 138010                     /lib/x86_64-linux-gnu/libnss_nis-2.19.so
7f2a11d3e000-7f2a11d55000 r-xp 00000000 08:01 137994                     /lib/x86_64-linux-gnu/libnsl-2.19.so
7f2a11d55000-7f2a11f54000 ---p 00017000 08:01 137994                     /lib/x86_64-linux-gnu/libnsl-2.19.so
7f2a11f54000-7f2a11f55000 r--p 00016000 08:01 137994                     /lib/x86_64-linux-gnu/libnsl-2.19.so
7f2a11f55000-7f2a11f56000 rw-p 00017000 08:01 137994                     /lib/x86_64-linux-gnu/libnsl-2.19.so
7f2a11f56000-7f2a11f58000 rw-p 00000000 00:00 0 
7f2a11f58000-7f2a11f61000 r-xp 00000000 08:01 137996                     /lib/x86_64-linux-gnu/libnss_compat-2.19.so
7f2a11f61000-7f2a12160000 ---p 00009000 08:01 137996                     /lib/x86_64-linux-gnu/libnss_compat-2.19.so
7f2a12160000-7f2a12161000 r--p 00008000 08:01 137996                     /lib/x86_64-linux-gnu/libnss_compat-2.19.so
7f2a12161000-7f2a12162000 rw-p 00009000 08:01 137996                     /lib/x86_64-linux-gnu/libnss_compat-2.19.so
7f2a12162000-7f2a1218d000 r-xp 00000000 08:01 308086                     /usr/lib/jvm/java-7-openjdk-amd64/jre/lib/amd64/libjava.so
7f2a1218d000-7f2a1238c000 ---p 0002b000 08:01 308086                     /usr/lib/jvm/java-7-openjdk-amd64/jre/lib/amd64/libjava.so
7f2a1238c000-7f2a1238d000 r--p 0002a000 08:01 308086                     /usr/lib/jvm/java-7-openjdk-amd64/jre/lib/amd64/libjava.so
7f2a1238d000-7f2a1238f000 rw-p 0002b000 08:01 308086                     /usr/lib/jvm/java-7-openjdk-amd64/jre/lib/amd64/libjava.so
7f2a1238f000-7f2a1239f000 r-xp 00000000 08:01 308125                     /usr/lib/jvm/java-7-openjdk-amd64/jre/lib/amd64/libverify.so
7f2a1239f000-7f2a1259e000 ---p 00010000 08:01 308125                     /usr/lib/jvm/java-7-openjdk-amd64/jre/lib/amd64/libverify.so
7f2a1259e000-7f2a125a0000 r--p 0000f000 08:01 308125                     /usr/lib/jvm/java-7-openjdk-amd64/jre/lib/amd64/libverify.so
7f2a125a0000-7f2a125a1000 rw-p 00011000 08:01 308125                     /usr/lib/jvm/java-7-openjdk-amd64/jre/lib/amd64/libverify.so
7f2a125a1000-7f2a125a8000 r-xp 00000000 08:01 138053                     /lib/x86_64-linux-gnu/librt-2.19.so
7f2a125a8000-7f2a127a7000 ---p 00007000 08:01 138053                     /lib/x86_64-linux-gnu/librt-2.19.so
7f2a127a7000-7f2a127a8000 r--p 00006000 08:01 138053                     /lib/x86_64-linux-gnu/librt-2.19.so
7f2a127a8000-7f2a127a9000 rw-p 00007000 08:01 138053                     /lib/x86_64-linux-gnu/librt-2.19.so
7f2a127a9000-7f2a132bf000 r-xp 00000000 08:01 308132                     /usr/lib/jvm/java-7-openjdk-amd64/jre/lib/amd64/server/libjvm.so
7f2a132bf000-7f2a134be000 ---p 00b16000 08:01 308132                     /usr/lib/jvm/java-7-openjdk-amd64/jre/lib/amd64/server/libjvm.so
7f2a134be000-7f2a13558000 r--p 00b15000 08:01 308132                     /usr/lib/jvm/java-7-openjdk-amd64/jre/lib/amd64/server/libjvm.so
7f2a13558000-7f2a1357b000 rw-p 00baf000 08:01 308132                     /usr/lib/jvm/java-7-openjdk-amd64/jre/lib/amd64/server/libjvm.so
7f2a1357b000-7f2a135e9000 rw-p 00000000 00:00 0 
7f2a135e9000-7f2a135ff000 r-xp 00000000 08:01 137952                     /lib/x86_64-linux-gnu/libgcc_s.so.1
7f2a135ff000-7f2a137fe000 ---p 00016000 08:01 137952                     /lib/x86_64-linux-gnu/libgcc_s.so.1
7f2a137fe000-7f2a137ff000 rw-p 00015000 08:01 137952                     /lib/x86_64-linux-gnu/libgcc_s.so.1
7f2a137ff000-7f2a13800000 ---p 00000000 00:00 0 
7f2a13800000-7f2a14000000 rw-p 00000000 00:00 0                          [stack:7664]
7f2a14000000-7f2a14028000 rw-p 00000000 00:00 0 
7f2a14028000-7f2a18000000 ---p 00000000 00:00 0 
7f2a18000000-7f2a18021000 rw-p 00000000 00:00 0 
7f2a18021000-7f2a1c000000 ---p 00000000 00:00 0 
7f2a1c000000-7f2a1c05c000 rw-p 00000000 00:00 0 
7f2a1c05c000-7f2a20000000 ---p 00000000 00:00 0 
7f2a20000000-7f2a204a4000 rw-p 00000000 00:00 0 
7f2a204a4000-7f2a24000000 ---p 00000000 00:00 0 
7f2a24000000-7f2a2406e000 rw-p 00000000 00:00 0 
7f2a2406e000-7f2a28000000 ---p 00000000 00:00 0 
7f2a28038000-7f2a28078000 rw-p 00000000 00:00 0 
7f2a28078000-7f2a2815e000 r-xp 00000000 08:01 273138                     /usr/lib/x86_64-linux-gnu/libstdc++.so.6.0.19
7f2a2815e000-7f2a2835d000 ---p 000e6000 08:01 273138                     /usr/lib/x86_64-linux-gnu/libstdc++.so.6.0.19
7f2a2835d000-7f2a28365000 r--p 000e5000 08:01 273138                     /usr/lib/x86_64-linux-gnu/libstdc++.so.6.0.19
7f2a28365000-7f2a28367000 rw-p 000ed000 08:01 273138                     /usr/lib/x86_64-linux-gnu/libstdc++.so.6.0.19
7f2a28367000-7f2a2837c000 rw-p 00000000 00:00 0 
7f2a2837c000-7f2a28404000 r-xp 00000000 08:01 416215                     /usr/lib/python2.7/dist-packages/_jpype.so
7f2a28404000-7f2a28604000 ---p 00088000 08:01 416215                     /usr/lib/python2.7/dist-packages/_jpype.so
7f2a28604000-7f2a28607000 r--p 00088000 08:01 416215                     /usr/lib/python2.7/dist-packages/_jpype.so
7f2a28607000-7f2a2860a000 rw-p 0008b000 08:01 416215                     /usr/lib/python2.7/dist-packages/_jpype.so
7f2a2860a000-7f2a2860b000 ---p 00000000 00:00 0 
7f2a2860b000-7f2a28e4b000 rw-p 00000000 00:00 0                          [stack:7663]
7f2a28e4b000-7f2a28e4c000 ---p 00000000 00:00 0 
7f2a28e4c000-7f2a2964c000 rw-p 00000000 00:00 0                          [stack:7662]
7f2a2964c000-7f2a2964d000 ---p 00000000 00:00 0 
7f2a2964d000-7f2a29e4d000 rw-p 00000000 00:00 0                          [stack:7661]
7f2a29e4d000-7f2a29e50000 ---p 00000000 00:00 0 
7f2a29e50000-7f2a2a64e000 rw-p 00000000 00:00 0 
7f2a2a64e000-7f2a2a64f000 ---p 00000000 00:00 0 
7f2a2a64f000-7f2a2ae4f000 rw-p 00000000 00:00 0 
7f2a2ae4f000-7f2a2ae5a000 r-xp 00000000 08:01 138000                     /lib/x86_64-linux-gnu/libnss_files-2.19.so
7f2a2ae5a000-7f2a2b059000 ---p 0000b000 08:01 138000                     /lib/x86_64-linux-gnu/libnss_files-2.19.so
7f2a2b059000-7f2a2b05a000 r--p 0000a000 08:01 138000                     /lib/x86_64-linux-gnu/libnss_files-2.19.so
7f2a2b05a000-7f2a2b05b000 rw-p 0000b000 08:01 138000                     /lib/x86_64-linux-gnu/libnss_files-2.19.so
7f2a2b05b000-7f2a2b0db000 rw-p 00000000 00:00 0 
7f2a2b0db000-7f2a2b0dc000 ---p 00000000 00:00 0 
7f2a2b0dc000-7f2a2b91c000 rw-p 00000000 00:00 0                          [stack:7658]
7f2a2b91c000-7f2a2b920000 r-xp 00000000 08:01 397329                     /usr/lib/python2.7/lib-dynload/termios.x86_64-linux-gnu.so
7f2a2b920000-7f2a2bb1f000 ---p 00004000 08:01 397329                     /usr/lib/python2.7/lib-dynload/termios.x86_64-linux-gnu.so
7f2a2bb1f000-7f2a2bb20000 r--p 00003000 08:01 397329                     /usr/lib/python2.7/lib-dynload/termios.x86_64-linux-gnu.so
7f2a2bb20000-7f2a2bb22000 rw-p 00004000 08:01 397329                     /usr/lib/python2.7/lib-dynload/termios.x86_64-linux-gnu.so
7f2a2bb22000-7f2a2bc22000 rw-p 00000000 00:00 0 
7f2a2bc22000-7f2a2bcd6000 r-xp 00000000 08:01 273128                     /usr/lib/x86_64-linux-gnu/libsqlite3.so.0.8.6
7f2a2bcd6000-7f2a2bed6000 ---p 000b4000 08:01 273128                     /usr/lib/x86_64-linux-gnu/libsqlite3.so.0.8.6
7f2a2bed6000-7f2a2bed8000 r--p 000b4000 08:01 273128                     /usr/lib/x86_64-linux-gnu/libsqlite3.so.0.8.6
7f2a2bed8000-7f2a2beda000 rw-p 000b6000 08:01 273128                     /usr/lib/x86_64-linux-gnu/libsqlite3.so.0.8.6
7f2a2beda000-7f2a2bedb000 rw-p 00000000 00:00 0 
7f2a2bedb000-7f2a2beed000 r-xp 00000000 08:01 397310                     /usr/lib/python2.7/lib-dynload/_sqlite3.x86_64-linux-gnu.so
7f2a2beed000-7f2a2c0ec000 ---p 00012000 08:01 397310                     /usr/lib/python2.7/lib-dynload/_sqlite3.x86_64-linux-gnu.so
7f2a2c0ec000-7f2a2c0ed000 r--p 00011000 08:01 397310                     /usr/lib/python2.7/lib-dynload/_sqlite3.x86_64-linux-gnu.so
7f2a2c0ed000-7f2a2c0ef000 rw-p 00012000 08:01 397310                     /usr/lib/python2.7/lib-dynload/_sqlite3.x86_64-linux-gnu.so
7f2a2c0ef000-7f2a2c6ef000 rw-p 00000000 00:00 0 
7f2a2c6ef000-7f2a2c6fb000 r-xp 00000000 08:01 397306                     /usr/lib/python2.7/lib-dynload/_json.x86_64-linux-gnu.so
7f2a2c6fb000-7f2a2c8fa000 ---p 0000c000 08:01 397306                     /usr/lib/python2.7/lib-dynload/_json.x86_64-linux-gnu.so
7f2a2c8fa000-7f2a2c8fb000 r--p 0000b000 08:01 397306                     /usr/lib/python2.7/lib-dynload/_json.x86_64-linux-gnu.so
7f2a2c8fb000-7f2a2c8fc000 rw-p 0000c000 08:01 397306                     /usr/lib/python2.7/lib-dynload/_json.x86_64-linux-gnu.so
7f2a2c8fc000-7f2a2ca3c000 rw-p 00000000 00:00 0 
7f2a2ca3c000-7f2a2ca40000 r-xp 00000000 08:01 397304                     /usr/lib/python2.7/lib-dynload/_hashlib.x86_64-linux-gnu.so
7f2a2ca40000-7f2a2cc3f000 ---p 00004000 08:01 397304                     /usr/lib/python2.7/lib-dynload/_hashlib.x86_64-linux-gnu.so
7f2a2cc3f000-7f2a2cc40000 r--p 00003000 08:01 397304                     /usr/lib/python2.7/lib-dynload/_hashlib.x86_64-linux-gnu.so
7f2a2cc40000-7f2a2cc41000 rw-p 00004000 08:01 397304                     /usr/lib/python2.7/lib-dynload/_hashlib.x86_64-linux-gnu.so
7f2a2cc41000-7f2a2cc81000 rw-p 00000000 00:00 0 
7f2a2cc81000-7f2a2ce32000 r-xp 00000000 08:01 137937                     /lib/x86_64-linux-gnu/libcrypto.so.1.0.0
7f2a2ce32000-7f2a2d031000 ---p 001b1000 08:01 137937                     /lib/x86_64-linux-gnu/libcrypto.so.1.0.0
7f2a2d031000-7f2a2d04c000 r--p 001b0000 08:01 137937                     /lib/x86_64-linux-gnu/libcrypto.so.1.0.0
7f2a2d04c000-7f2a2d057000 rw-p 001cb000 08:01 137937                     /lib/x86_64-linux-gnu/libcrypto.so.1.0.0
7f2a2d057000-7f2a2d05b000 rw-p 00000000 00:00 0 
7f2a2d05b000-7f2a2d0af000 r-xp 00000000 08:01 138061                     /lib/x86_64-linux-gnu/libssl.so.1.0.0
7f2a2d0af000-7f2a2d2af000 ---p 00054000 08:01 138061                     /lib/x86_64-linux-gnu/libssl.so.1.0.0
7f2a2d2af000-7f2a2d2b2000 r--p 00054000 08:01 138061                     /lib/x86_64-linux-gnu/libssl.so.1.0.0
7f2a2d2b2000-7f2a2d2b8000 rw-p 00057000 08:01 138061                     /lib/x86_64-linux-gnu/libssl.so.1.0.0
7f2a2d2b8000-7f2a2d2b9000 rw-p 00000000 00:00 0 
7f2a2d2b9000-7f2a2d2c1000 r-xp 00000000 08:01 397311                     /usr/lib/python2.7/lib-dynload/_ssl.x86_64-linux-gnu.so
7f2a2d2c1000-7f2a2d4c0000 ---p 00008000 08:01 397311                     /usr/lib/python2.7/lib-dynload/_ssl.x86_64-linux-gnu.so
7f2a2d4c0000-7f2a2d4c1000 r--p 00007000 08:01 397311                     /usr/lib/python2.7/lib-dynload/_ssl.x86_64-linux-gnu.so
7f2a2d4c1000-7f2a2d4c2000 rw-p 00008000 08:01 397311                     /usr/lib/python2.7/lib-dynload/_ssl.x86_64-linux-gnu.so
7f2a2d4c2000-7f2a2d683000 rw-p 00000000 00:00 0 
7f2a2d683000-7f2a2d69a000 r-xp 00000000 08:01 397316                     /usr/lib/python2.7/lib-dynload/datetime.x86_64-linux-gnu.so
7f2a2d69a000-7f2a2d899000 ---p 00017000 08:01 397316                     /usr/lib/python2.7/lib-dynload/datetime.x86_64-linux-gnu.so
7f2a2d899000-7f2a2d89a000 r--p 00016000 08:01 397316                     /usr/lib/python2.7/lib-dynload/datetime.x86_64-linux-gnu.so
7f2a2d89a000-7f2a2d89e000 rw-p 00017000 08:01 397316                     /usr/lib/python2.7/lib-dynload/datetime.x86_64-linux-gnu.so
7f2a2d89e000-7f2a2d91e000 rw-p 00000000 00:00 0 
7f2a2d91e000-7f2a2e000000 r--p 00000000 08:01 269724                     /usr/lib/locale/locale-archive
7f2a2e000000-7f2a2e105000 r-xp 00000000 08:01 137975                     /lib/x86_64-linux-gnu/libm-2.19.so
7f2a2e105000-7f2a2e304000 ---p 00105000 08:01 137975                     /lib/x86_64-linux-gnu/libm-2.19.so
7f2a2e304000-7f2a2e305000 r--p 00104000 08:01 137975                     /lib/x86_64-linux-gnu/libm-2.19.so
7f2a2e305000-7f2a2e306000 rw-p 00105000 08:01 137975                     /lib/x86_64-linux-gnu/libm-2.19.so
7f2a2e306000-7f2a2e31e000 r-xp 00000000 08:01 138088                     /lib/x86_64-linux-gnu/libz.so.1.2.8
7f2a2e31e000-7f2a2e51d000 ---p 00018000 08:01 138088                     /lib/x86_64-linux-gnu/libz.so.1.2.8
7f2a2e51d000-7f2a2e51e000 r--p 00017000 08:01 138088                     /lib/x86_64-linux-gnu/libz.so.1.2.8
7f2a2e51e000-7f2a2e51f000 rw-p 00018000 08:01 138088                     /lib/x86_64-linux-gnu/libz.so.1.2.8
7f2a2e51f000-7f2a2e521000 r-xp 00000000 08:01 138080                     /lib/x86_64-linux-gnu/libutil-2.19.so
7f2a2e521000-7f2a2e720000 ---p 00002000 08:01 138080                     /lib/x86_64-linux-gnu/libutil-2.19.so
7f2a2e720000-7f2a2e721000 r--p 00001000 08:01 138080                     /lib/x86_64-linux-gnu/libutil-2.19.so
7f2a2e721000-7f2a2e722000 rw-p 00002000 08:01 138080                     /lib/x86_64-linux-gnu/libutil-2.19.so
7f2a2e722000-7f2a2e725000 r-xp 00000000 08:01 137942                     /lib/x86_64-linux-gnu/libdl-2.19.so
7f2a2e725000-7f2a2e924000 ---p 00003000 08:01 137942                     /lib/x86_64-linux-gnu/libdl-2.19.so
7f2a2e924000-7f2a2e925000 r--p 00002000 08:01 137942                     /lib/x86_64-linux-gnu/libdl-2.19.so
7f2a2e925000-7f2a2e926000 rw-p 00003000 08:01 137942                     /lib/x86_64-linux-gnu/libdl-2.19.so
7f2a2e926000-7f2a2eae2000 r-xp 00000000 08:01 137925                     /lib/x86_64-linux-gnu/libc-2.19.so
7f2a2eae2000-7f2a2ece1000 ---p 001bc000 08:01 137925                     /lib/x86_64-linux-gnu/libc-2.19.so
7f2a2ece1000-7f2a2ece5000 r--p 001bb000 08:01 137925                     /lib/x86_64-linux-gnu/libc-2.19.so
7f2a2ece5000-7f2a2ece7000 rw-p 001bf000 08:01 137925                     /lib/x86_64-linux-gnu/libc-2.19.so
7f2a2ece7000-7f2a2ecec000 rw-p 00000000 00:00 0 
7f2a2ecec000-7f2a2ed05000 r-xp 00000000 08:01 138045                     /lib/x86_64-linux-gnu/libpthread-2.19.so
7f2a2ed05000-7f2a2ef04000 ---p 00019000 08:01 138045                     /lib/x86_64-linux-gnu/libpthread-2.19.so
7f2a2ef04000-7f2a2ef05000 r--p 00018000 08:01 138045                     /lib/x86_64-linux-gnu/libpthread-2.19.so
7f2a2ef05000-7f2a2ef06000 rw-p 00019000 08:01 138045                     /lib/x86_64-linux-gnu/libpthread-2.19.so
7f2a2ef06000-7f2a2ef0a000 rw-p 00000000 00:00 0 
7f2a2ef0a000-7f2a2ef2d000 r-xp 00000000 08:01 137901                     /lib/x86_64-linux-gnu/ld-2.19.so
7f2a2ef5e000-7f2a2f01e000 rw-p 00000000 00:00 0 
7f2a2f041000-7f2a2f046000 r--s 0004c000 08:01 203467                     /usr/lib/jvm/java-7-openjdk-amd64/jre/lib/jsse.jar
7f2a2f046000-7f2a2f047000 r--s 00002000 08:01 308163                     /usr/lib/jvm/java-7-openjdk-amd64/jre/lib/ext/dnsns.jar
7f2a2f047000-7f2a2f04b000 r--s 0003c000 08:01 308160                     /usr/lib/jvm/java-7-openjdk-amd64/jre/lib/ext/sunpkcs11.jar
7f2a2f04b000-7f2a2f04f000 r--s 00034000 08:01 308162                     /usr/lib/jvm/java-7-openjdk-amd64/jre/lib/ext/sunjce_provider.jar
7f2a2f04f000-7f2a2f114000 rw-p 00000000 00:00 0 
7f2a2f114000-7f2a2f117000 r--s 0000f000 08:01 308158                     /usr/lib/jvm/java-7-openjdk-amd64/jre/lib/ext/icedtea-sound.jar
7f2a2f117000-7f2a2f119000 r--s 00012000 08:01 308159                     /usr/lib/jvm/java-7-openjdk-amd64/jre/lib/ext/zipfs.jar
7f2a2f119000-7f2a2f11b000 r--s 00006000 08:01 203533                     /usr/share/java/java-atk-wrapper.jar
7f2a2f11b000-7f2a2f11f000 r--s 00085000 08:01 308161                     /usr/lib/jvm/java-7-openjdk-amd64/jre/lib/ext/localedata.jar
7f2a2f11f000-7f2a2f127000 rw-s 00000000 08:01 59632                      /tmp/hsperfdata_root/7657 (deleted)
7f2a2f127000-7f2a2f128000 rw-p 00000000 00:00 0 
7f2a2f128000-7f2a2f129000 ---p 00000000 00:00 0 
7f2a2f129000-7f2a2f12c000 rw-p 00000000 00:00 0 
7f2a2f12c000-7f2a2f12d000 r--p 00022000 08:01 137901                     /lib/x86_64-linux-gnu/ld-2.19.so
7f2a2f12d000-7f2a2f12e000 rw-p 00023000 08:01 137901                     /lib/x86_64-linux-gnu/ld-2.19.so
7f2a2f12e000-7f2a2f12f000 rw-p 00000000 00:00 0 
7fff91cbc000-7fff91cdd000 rw-p 00000000 00:00 0                          [stack]
7fff91de5000-7fff91de7000 r-xp 00000000 00:00 0                          [vdso]
ffffffffff600000-ffffffffff601000 r-xp 00000000 00:00 0                  [vsyscall]

VM Arguments:
jvm_args: -ea 
java_command: <unknown>
Launcher Type: generic

Environment Variables:
PATH=/usr/local/sbin:/usr/local/bin:/usr/sbin:/usr/bin:/sbin:/bin:/usr/games:/usr/local/games
USERNAME=root
SHELL=/bin/bash
DISPLAY=:0

Signal Handlers:
SIGSEGV: [libjvm.so+0x9495e0], sa_mask[0]=0x7ffbfeff, sa_flags=0x10000004
SIGBUS: [libjvm.so+0x9495e0], sa_mask[0]=0x7ffbfeff, sa_flags=0x10000004
SIGFPE: [libjvm.so+0x7c3410], sa_mask[0]=0x7ffbfeff, sa_flags=0x10000004
SIGPIPE: [libjvm.so+0x7c3410], sa_mask[0]=0x7ffbfeff, sa_flags=0x10000004
SIGXFSZ: [libjvm.so+0x7c3410], sa_mask[0]=0x7ffbfeff, sa_flags=0x10000004
SIGILL: [libjvm.so+0x7c3410], sa_mask[0]=0x7ffbfeff, sa_flags=0x10000004
SIGUSR1: SIG_DFL, sa_mask[0]=0x00000000, sa_flags=0x00000000
SIGUSR2: [libjvm.so+0x7c32b0], sa_mask[0]=0x00000000, sa_flags=0x10000004
SIGHUP: [libjvm.so+0x7c3490], sa_mask[0]=0x7ffbfeff, sa_flags=0x10000004
SIGINT: [libjvm.so+0x7c3490], sa_mask[0]=0x7ffbfeff, sa_flags=0x10000004
SIGTERM: [libjvm.so+0x7c3490], sa_mask[0]=0x7ffbfeff, sa_flags=0x10000004
SIGQUIT: [libjvm.so+0x7c3490], sa_mask[0]=0x7ffbfeff, sa_flags=0x10000004
SIGTRAP: SIG_DFL, sa_mask[0]=0x00000000, sa_flags=0x00000000


---------------  S Y S T E M  ---------------

OS:Ubuntu 14.04 (trusty)
uname:Linux 3.13.0-24-generic #46-Ubuntu SMP Thu Apr 10 19:11:08 UTC 2014 x86_64
libc:glibc 2.19 NPTL 2.19 
rlimit: STACK 8192k, CORE 0k, NPROC 3752, NOFILE 4096, AS infinity
load average:0.15 0.14 0.14

/proc/meminfo:
MemTotal:         501832 kB
MemFree:            9924 kB
Buffers:           11444 kB
Cached:            79324 kB
SwapCached:        21392 kB
Active:           200816 kB
Inactive:         197872 kB
Active(anon):     146440 kB
Inactive(anon):   162156 kB
Active(file):      54376 kB
Inactive(file):    35716 kB
Unevictable:          32 kB
Mlocked:              32 kB
SwapTotal:        522236 kB
SwapFree:         125424 kB
Dirty:               380 kB
Writeback:             0 kB
AnonPages:        286612 kB
Mapped:            40152 kB
Shmem:               672 kB
Slab:              43960 kB
SReclaimable:      23372 kB
SUnreclaim:        20588 kB
KernelStack:        3096 kB
PageTables:        29752 kB
NFS_Unstable:          0 kB
Bounce:                0 kB
WritebackTmp:          0 kB
CommitLimit:      773152 kB
Committed_AS:    3279928 kB
VmallocTotal:   34359738367 kB
VmallocUsed:       22184 kB
VmallocChunk:   34359711448 kB
HardwareCorrupted:     0 kB
AnonHugePages:         0 kB
HugePages_Total:       0
HugePages_Free:        0
HugePages_Rsvd:        0
HugePages_Surp:        0
Hugepagesize:       2048 kB
DirectMap4k:       40896 kB
DirectMap2M:      483328 kB


CPU:total 1 (1 cores per cpu, 1 threads per core) family 6 model 42 stepping 7, cmov, cx8, fxsr, mmx, sse, sse2, sse3, ssse3, tsc

/proc/cpuinfo:
processor	: 0
vendor_id	: GenuineIntel
cpu family	: 6
model		: 42
model name	: Intel(R) Core(TM) i5-2450M CPU @ 2.50GHz
stepping	: 7
cpu MHz		: 2414.682
cache size	: 6144 KB
physical id	: 0
siblings	: 1
core id		: 0
cpu cores	: 1
apicid		: 0
initial apicid	: 0
fpu		: yes
fpu_exception	: yes
cpuid level	: 5
wp		: yes
flags		: fpu vme de pse tsc msr pae mce cx8 apic sep mtrr pge mca cmov pat pse36 clflush mmx fxsr sse sse2 syscall nx rdtscp lm constant_tsc rep_good nopl pni monitor ssse3 lahf_lm
bogomips	: 4829.36
clflush size	: 64
cache_alignment	: 64
address sizes	: 36 bits physical, 48 bits virtual
power management:



Memory: 4k page, physical 501832k(9924k free), swap 522236k(125424k free)

vm_info: OpenJDK 64-Bit Server VM (24.65-b04) for linux-amd64 JRE (1.7.0_65-b32), built on Oct 22 2014 04:37:44 by "buildd" with gcc 4.8.2

time: Fri Jan 16 12:25:59 2015
elapsed time: 6 seconds

