#
# A fatal error has been detected by the Java Runtime Environment:
#
#  SIGSEGV (0xb) at pc=0x00007f3fa9608c08, pid=7706, tid=139911421589248
#
# JRE version: OpenJDK Runtime Environment (7.0_65-b32) (build 1.7.0_65-b32)
# Java VM: OpenJDK 64-Bit Server VM (24.65-b04 mixed mode linux-amd64 compressed oops)
# Derivative: IcedTea 2.5.3
# Distribution: Ubuntu 14.04 LTS, package 7u71-2.5.3-0ubuntu0.14.04.1
# Problematic frame:
# C  [_jpype.so+0x40c08]  JPJavaEnv::FindClass(char const*)+0x28
#
# Failed to write core dump. Core dumps have been disabled. To enable core dumping, try "ulimit -c unlimited" before starting Java again
#
# If you would like to submit a bug report, please include
# instructions on how to reproduce the bug and visit:
#   http://icedtea.classpath.org/bugzilla
#

---------------  T H R E A D  ---------------

Current thread is native thread

siginfo:si_signo=SIGSEGV: si_errno=0, si_code=1 (SEGV_MAPERR), si_addr=0x0000000000000000

Registers:
RAX=0x00007f3fa40625a0, RBX=0x00007f3fa98557b8, RCX=0x00007f3f9c00cc90, RDX=0x0000000000000000
RSP=0x00007f3faa954680, RBP=0x0000000000000000, RSI=0x0000000000000001, RDI=0x000000000228de80
R8 =0x0000000000000000, R9 =0x00007f3f9c02c770, R10=0x00007f3fa95c6960, R11=0x00007f3fa9638400
R12=0x00007f3fa40625a0, R13=0x00007f3f9c0132e8, R14=0x00007f3fa95ae480, R15=0x00007f3faa954740
RIP=0x00007f3fa9608c08, EFLAGS=0x0000000000010246, CSGSFS=0x0000000000000033, ERR=0x0000000000000004
  TRAPNO=0x000000000000000e

Top of Stack: (sp=0x00007f3faa954680)
0x00007f3faa954680:   00007f3faa9547d8 00007f3faa954770
0x00007f3faa954690:   00007f3fa95ae420 0000000000000000
0x00007f3faa9546a0:   00007f3fa95ae420 00007f3fa95f2413
0x00007f3faa9546b0:   00007f3f9c02c700 00007f3f00000038
0x00007f3faa9546c0:   00007f3fa9855728 00007f3faa954730
0x00007f3faa9546d0:   00007f3faa954998 00007f3faa954990
0x00007f3faa9546e0:   0000000000000000 00007f3faa954750
0x00007f3faa9546f0:   00007f3f9c00ea98 00007f3faa95471f
0x00007f3faa954700:   00007f3f9c013f28 00007f3fa40625a0
0x00007f3faa954710:   00007f3f9c0132e8 000000000090aa40
0x00007f3faa954720:   00007f3f9c027758 0000000000920190
0x00007f3faa954730:   00007f3f9c02c788 000000000056d2e5
0x00007f3faa954740:   00007f3f9c02c788 00007f3f9c000020
0x00007f3faa954750:   00007f3fa98510f0 00007f3f9c00ea98
0x00007f3faa954760:   00007f3f9c010200 0000000000000008
0x00007f3faa954770:   00007f3fa98512d0 0000000000000000
0x00007f3faa954780:   0000000000000000 0000000000000000
0x00007f3faa954790:   0000000000000000 0000000000000000
0x00007f3faa9547a0:   0000000000000000 0000000000000000
0x00007f3faa9547b0:   0000000000000000 0000000000000000
0x00007f3faa9547c0:   00007f3fa95c6e00 0000000000000018
0x00007f3faa9547d0:   00007f3f9c011f58 00007f3fa95abf30
0x00007f3faa9547e0:   0000000000000006 0000000000000000
0x00007f3faa9547f0:   0000000000001002 00007f3f00000000
0x00007f3faa954800:   0000000000000000 0000000000000000
0x00007f3faa954810:   0000000000000000 0000000000000000
0x00007f3faa954820:   0000000000000000 0000000000000000
0x00007f3faa954830:   0000000000000000 0000000000000000
0x00007f3faa954840:   0000000000000000 0000000000000000
0x00007f3faa954850:   0000000000000000 0000000000000000
0x00007f3faa954860:   0000000000000000 0000000000000000
0x00007f3faa954870:   0000000000000000 0000000000000000 

Instructions: (pc=0x00007f3fa9608c08)
0x00007f3fa9608be8:   53 48 83 ec 08 e8 4e 2b ff ff 48 8b 1d ef a0 24
0x00007f3fa9608bf8:   00 48 89 c5 48 8b 3b 48 8b 07 ff 50 30 49 89 c4
0x00007f3fa9608c08:   48 8b 45 00 48 89 ef 4c 89 ee ff 50 30 48 8b 3b
0x00007f3fa9608c18:   48 89 c5 4c 89 e6 48 8b 07 ff 50 38 48 8b 05 7d 

Register to memory mapping:

RAX=
[error occurred during error reporting (printing register info), id 0xb]

Stack: [0x00007f3faa157000,0x00007f3faa958000],  sp=0x00007f3faa954680,  free space=8181k
Native frames: (J=compiled Java code, j=interpreted, Vv=VM code, C=native code)
C  [_jpype.so+0x40c08]  JPJavaEnv::FindClass(char const*)+0x28

[error occurred during error reporting (printing native stack), id 0xb]


---------------  P R O C E S S  ---------------

VM state:at safepoint (shutting down)

VM Mutex/Monitor currently owned by a thread:  ([mutex/lock_event])
[0x00007f3fa000c500] Threads_lock - owner thread: 0x00007f3fa01ce800

Heap
 def new generation   total 3136K, used 864K [0x00000000e6400000, 0x00000000e6760000, 0x00000000eb600000)
  eden space 2816K,  19% used [0x00000000e6400000, 0x00000000e64882e8, 0x00000000e66c0000)
  from space 320K, 100% used [0x00000000e6710000, 0x00000000e6760000, 0x00000000e6760000)
  to   space 320K,   0% used [0x00000000e66c0000, 0x00000000e66c0000, 0x00000000e6710000)
 tenured generation   total 6848K, used 4514K [0x00000000eb600000, 0x00000000ebcb0000, 0x00000000f5a00000)
   the space 6848K,  65% used [0x00000000eb600000, 0x00000000eba688f0, 0x00000000eba68a00, 0x00000000ebcb0000)
 compacting perm gen  total 21248K, used 9908K [0x00000000f5a00000, 0x00000000f6ec0000, 0x0000000100000000)
   the space 21248K,  46% used [0x00000000f5a00000, 0x00000000f63ad110, 0x00000000f63ad200, 0x00000000f6ec0000)
No shared spaces configured.

Card table byte_map: [0x00007f3f981f9000,0x00007f3f982c8000] byte_map_base: 0x00007f3f97ac7000

Polling page: 0x00007f3faec31000

Code Cache  [0x00007f3f98388000, 0x00007f3f985f8000, 0x00007f3f9b388000)
 total_blobs=284 nmethods=45 adapters=193 free_code_cache=48673Kb largest_free_block=49827968

Compilation events (10 events):
Event: 0.957 Thread 0x00007f3fa0204000 nmethod 41 0x00007f3f983fd750 code [0x00007f3f983fd8a0, 0x00007f3f983fd9f8]
Event: 0.957 Thread 0x00007f3fa0204000   42             java.lang.CharacterDataLatin1::toLowerCase (39 bytes)
Event: 0.958 Thread 0x00007f3fa0204000 nmethod 42 0x00007f3f983fd4d0 code [0x00007f3f983fd600, 0x00007f3f983fd6b8]
Event: 0.969 Thread 0x00007f3fa0206000 nmethod 40 0x00007f3f983fead0 code [0x00007f3f983fec80, 0x00007f3f983ff4c8]
Event: 1.000 Thread 0x00007f3fa0204000   43             java.lang.String::<init> (67 bytes)
Event: 1.003 Thread 0x00007f3fa0204000 nmethod 43 0x00007f3f983ffb10 code [0x00007f3f983ffc60, 0x00007f3f983ffed8]
Event: 1.039 Thread 0x00007f3fa0206000   44             java.util.zip.ZStreamRef::address (5 bytes)
Event: 1.039 Thread 0x00007f3fa0206000 nmethod 44 0x00007f3f98400110 code [0x00007f3f98400240, 0x00007f3f98400298]
Event: 1.057 Thread 0x00007f3fa0206000   45             java.util.ArrayList::size (5 bytes)
Event: 1.058 Thread 0x00007f3fa0206000 nmethod 45 0x00007f3f983fe4d0 code [0x00007f3f983fe600, 0x00007f3f983fe658]

GC Heap History (10 events):
Event: 0.702 GC heap before
{Heap before GC invocations=6 (full 0):
 def new generation   total 2368K, used 2296K [0x00000000e6400000, 0x00000000e6690000, 0x00000000eb600000)
  eden space 2112K,  96% used [0x00000000e6400000, 0x00000000e65fe388, 0x00000000e6610000)
  from space 256K,  99% used [0x00000000e6610000, 0x00000000e664fff0, 0x00000000e6650000)
  to   space 256K,   0% used [0x00000000e6650000, 0x00000000e6650000, 0x00000000e6690000)
 tenured generation   total 5248K, used 2525K [0x00000000eb600000, 0x00000000ebb20000, 0x00000000f5a00000)
   the space 5248K,  48% used [0x00000000eb600000, 0x00000000eb877760, 0x00000000eb877800, 0x00000000ebb20000)
 compacting perm gen  total 21248K, used 7102K [0x00000000f5a00000, 0x00000000f6ec0000, 0x0000000100000000)
   the space 21248K,  33% used [0x00000000f5a00000, 0x00000000f60efb00, 0x00000000f60efc00, 0x00000000f6ec0000)
No shared spaces configured.
Event: 0.704 GC heap after
Heap after GC invocations=7 (full 0):
 def new generation   total 2368K, used 255K [0x00000000e6400000, 0x00000000e6690000, 0x00000000eb600000)
  eden space 2112K,   0% used [0x00000000e6400000, 0x00000000e6400000, 0x00000000e6610000)
  from space 256K,  99% used [0x00000000e6650000, 0x00000000e668fff0, 0x00000000e6690000)
  to   space 256K,   0% used [0x00000000e6610000, 0x00000000e6610000, 0x00000000e6650000)
 tenured generation   total 5248K, used 3061K [0x00000000eb600000, 0x00000000ebb20000, 0x00000000f5a00000)
   the space 5248K,  58% used [0x00000000eb600000, 0x00000000eb8fd630, 0x00000000eb8fd800, 0x00000000ebb20000)
 compacting perm gen  total 21248K, used 7102K [0x00000000f5a00000, 0x00000000f6ec0000, 0x0000000100000000)
   the space 21248K,  33% used [0x00000000f5a00000, 0x00000000f60efb00, 0x00000000f60efc00, 0x00000000f6ec0000)
No shared spaces configured.
}
Event: 0.771 GC heap before
{Heap before GC invocations=7 (full 0):
 def new generation   total 2368K, used 2367K [0x00000000e6400000, 0x00000000e6690000, 0x00000000eb600000)
  eden space 2112K, 100% used [0x00000000e6400000, 0x00000000e6610000, 0x00000000e6610000)
  from space 256K,  99% used [0x00000000e6650000, 0x00000000e668fff0, 0x00000000e6690000)
  to   space 256K,   0% used [0x00000000e6610000, 0x00000000e6610000, 0x00000000e6650000)
 tenured generation   total 5248K, used 3061K [0x00000000eb600000, 0x00000000ebb20000, 0x00000000f5a00000)
   the space 5248K,  58% used [0x00000000eb600000, 0x00000000eb8fd630, 0x00000000eb8fd800, 0x00000000ebb20000)
 compacting perm gen  total 21248K, used 7418K [0x00000000f5a00000, 0x00000000f6ec0000, 0x0000000100000000)
   the space 21248K,  34% used [0x00000000f5a00000, 0x00000000f613ea60, 0x00000000f613ec00, 0x00000000f6ec0000)
No shared spaces configured.
Event: 0.773 GC heap after
Heap after GC invocations=8 (full 0):
 def new generation   total 2368K, used 256K [0x00000000e6400000, 0x00000000e6690000, 0x00000000eb600000)
  eden space 2112K,   0% used [0x00000000e6400000, 0x00000000e6400000, 0x00000000e6610000)
  from space 256K, 100% used [0x00000000e6610000, 0x00000000e6650000, 0x00000000e6650000)
  to   space 256K,   0% used [0x00000000e6650000, 0x00000000e6650000, 0x00000000e6690000)
 tenured generation   total 5248K, used 4441K [0x00000000eb600000, 0x00000000ebb20000, 0x00000000f5a00000)
   the space 5248K,  84% used [0x00000000eb600000, 0x00000000eba566c8, 0x00000000eba56800, 0x00000000ebb20000)
 compacting perm gen  total 21248K, used 7418K [0x00000000f5a00000, 0x00000000f6ec0000, 0x0000000100000000)
   the space 21248K,  34% used [0x00000000f5a00000, 0x00000000f613ea60, 0x00000000f613ec00, 0x00000000f6ec0000)
No shared spaces configured.
}
Event: 0.815 GC heap before
{Heap before GC invocations=8 (full 0):
 def new generation   total 2368K, used 2354K [0x00000000e6400000, 0x00000000e6690000, 0x00000000eb600000)
  eden space 2112K,  99% used [0x00000000e6400000, 0x00000000e660cbe0, 0x00000000e6610000)
  from space 256K, 100% used [0x00000000e6610000, 0x00000000e6650000, 0x00000000e6650000)
  to   space 256K,   0% used [0x00000000e6650000, 0x00000000e6650000, 0x00000000e6690000)
 tenured generation   total 5248K, used 4441K [0x00000000eb600000, 0x00000000ebb20000, 0x00000000f5a00000)
   the space 5248K,  84% used [0x00000000eb600000, 0x00000000eba566c8, 0x00000000eba56800, 0x00000000ebb20000)
 compacting perm gen  total 21248K, used 7817K [0x00000000f5a00000, 0x00000000f6ec0000, 0x0000000100000000)
   the space 21248K,  36% used [0x00000000f5a00000, 0x00000000f61a2720, 0x00000000f61a2800, 0x00000000f6ec0000)
No shared spaces configured.
Event: 0.817 GC heap after
Heap after GC invocations=9 (full 0):
 def new generation   total 2368K, used 255K [0x00000000e6400000, 0x00000000e6690000, 0x00000000eb600000)
  eden space 2112K,   0% used [0x00000000e6400000, 0x00000000e6400000, 0x00000000e6610000)
  from space 256K,  99% used [0x00000000e6650000, 0x00000000e668fff0, 0x00000000e6690000)
  to   space 256K,   0% used [0x00000000e6610000, 0x00000000e6610000, 0x00000000e6650000)
 tenured generation   total 5248K, used 5129K [0x00000000eb600000, 0x00000000ebb20000, 0x00000000f5a00000)
   the space 5248K,  97% used [0x00000000eb600000, 0x00000000ebb02678, 0x00000000ebb02800, 0x00000000ebb20000)
 compacting perm gen  total 21248K, used 7817K [0x00000000f5a00000, 0x00000000f6ec0000, 0x0000000100000000)
   the space 21248K,  36% used [0x00000000f5a00000, 0x00000000f61a2720, 0x00000000f61a2800, 0x00000000f6ec0000)
No shared spaces configured.
}
Event: 0.896 GC heap before
{Heap before GC invocations=9 (full 0):
 def new generation   total 2368K, used 2364K [0x00000000e6400000, 0x00000000e6690000, 0x00000000eb600000)
  eden space 2112K,  99% used [0x00000000e6400000, 0x00000000e660f300, 0x00000000e6610000)
  from space 256K,  99% used [0x00000000e6650000, 0x00000000e668fff0, 0x00000000e6690000)
  to   space 256K,   0% used [0x00000000e6610000, 0x00000000e6610000, 0x00000000e6650000)
 tenured generation   total 5248K, used 5129K [0x00000000eb600000, 0x00000000ebb20000, 0x00000000f5a00000)
   the space 5248K,  97% used [0x00000000eb600000, 0x00000000ebb02678, 0x00000000ebb02800, 0x00000000ebb20000)
 compacting perm gen  total 21248K, used 8801K [0x00000000f5a00000, 0x00000000f6ec0000, 0x0000000100000000)
   the space 21248K,  41% used [0x00000000f5a00000, 0x00000000f6298448, 0x00000000f6298600, 0x00000000f6ec0000)
No shared spaces configured.
Event: 0.912 GC heap after
Heap after GC invocations=10 (full 1):
 def new generation   total 3136K, used 0K [0x00000000e6400000, 0x00000000e6760000, 0x00000000eb600000)
  eden space 2816K,   0% used [0x00000000e6400000, 0x00000000e6400000, 0x00000000e66c0000)
  from space 320K,   0% used [0x00000000e66c0000, 0x00000000e66c0000, 0x00000000e6710000)
  to   space 320K,   0% used [0x00000000e6710000, 0x00000000e6710000, 0x00000000e6760000)
 tenured generation   total 6848K, used 4108K [0x00000000eb600000, 0x00000000ebcb0000, 0x00000000f5a00000)
   the space 6848K,  59% used [0x00000000eb600000, 0x00000000eba03110, 0x00000000eba03200, 0x00000000ebcb0000)
 compacting perm gen  total 21248K, used 8801K [0x00000000f5a00000, 0x00000000f6ec0000, 0x0000000100000000)
   the space 21248K,  41% used [0x00000000f5a00000, 0x00000000f6298448, 0x00000000f6298600, 0x00000000f6ec0000)
No shared spaces configured.
}
Event: 1.066 GC heap before
{Heap before GC invocations=10 (full 1):
 def new generation   total 3136K, used 2815K [0x00000000e6400000, 0x00000000e6760000, 0x00000000eb600000)
  eden space 2816K,  99% used [0x00000000e6400000, 0x00000000e66bffc0, 0x00000000e66c0000)
  from space 320K,   0% used [0x00000000e66c0000, 0x00000000e66c0000, 0x00000000e6710000)
  to   space 320K,   0% used [0x00000000e6710000, 0x00000000e6710000, 0x00000000e6760000)
 tenured generation   total 6848K, used 4108K [0x00000000eb600000, 0x00000000ebcb0000, 0x00000000f5a00000)
   the space 6848K,  59% used [0x00000000eb600000, 0x00000000eba03110, 0x00000000eba03200, 0x00000000ebcb0000)
 compacting perm gen  total 21248K, used 9800K [0x00000000f5a00000, 0x00000000f6ec0000, 0x0000000100000000)
   the space 21248K,  46% used [0x00000000f5a00000, 0x00000000f63922c8, 0x00000000f6392400, 0x00000000f6ec0000)
No shared spaces configured.
Event: 1.068 GC heap after
Heap after GC invocations=11 (full 1):
 def new generation   total 3136K, used 320K [0x00000000e6400000, 0x00000000e6760000, 0x00000000eb600000)
  eden space 2816K,   0% used [0x00000000e6400000, 0x00000000e6400000, 0x00000000e66c0000)
  from space 320K, 100% used [0x00000000e6710000, 0x00000000e6760000, 0x00000000e6760000)
  to   space 320K,   0% used [0x00000000e66c0000, 0x00000000e66c0000, 0x00000000e6710000)
 tenured generation   total 6848K, used 4514K [0x00000000eb600000, 0x00000000ebcb0000, 0x00000000f5a00000)
   the space 6848K,  65% used [0x00000000eb600000, 0x00000000eba688f0, 0x00000000eba68a00, 0x00000000ebcb0000)
 compacting perm gen  total 21248K, used 9800K [0x00000000f5a00000, 0x00000000f6ec0000, 0x0000000100000000)
   the space 21248K,  46% used [0x00000000f5a00000, 0x00000000f63922c8, 0x00000000f6392400, 0x00000000f6ec0000)
No shared spaces configured.
}

Deoptimization events (1 events):
Event: 0.498 Thread 0x00007f3fa000f800 Uncommon trap: reason=null_check action=make_not_entrant pc=0x00007f3f983f2fd8 method=java.lang.String.equals(Ljava/lang/Object;)Z @ 8

Internal exceptions (10 events):
Event: 1.079 Thread 0x00007f3fa000f800 Threw 0x00000000e644ac38 at /build/buildd/openjdk-7-7u71-2.5.3/build/openjdk/hotspot/src/share/vm/prims/jvm.cpp:1284
Event: 1.080 Thread 0x00007f3fa000f800 Threw 0x00000000e644d740 at /build/buildd/openjdk-7-7u71-2.5.3/build/openjdk/hotspot/src/share/vm/prims/jvm.cpp:1284
Event: 1.080 Thread 0x00007f3fa000f800 Threw 0x00000000e6452aa8 at /build/buildd/openjdk-7-7u71-2.5.3/build/openjdk/hotspot/src/share/vm/prims/jvm.cpp:1284
Event: 1.080 Thread 0x00007f3fa000f800 Threw 0x00000000e6456610 at /build/buildd/openjdk-7-7u71-2.5.3/build/openjdk/hotspot/src/share/vm/prims/jvm.cpp:1284
Event: 1.081 Thread 0x00007f3fa000f800 Threw 0x00000000e645aad0 at /build/buildd/openjdk-7-7u71-2.5.3/build/openjdk/hotspot/src/share/vm/prims/jvm.cpp:1284
Event: 1.081 Thread 0x00007f3fa000f800 Threw 0x00000000e6464998 at /build/buildd/openjdk-7-7u71-2.5.3/build/openjdk/hotspot/src/share/vm/prims/jvm.cpp:1284
Event: 1.082 Thread 0x00007f3fa000f800 Threw 0x00000000e6468368 at /build/buildd/openjdk-7-7u71-2.5.3/build/openjdk/hotspot/src/share/vm/prims/jvm.cpp:1284
Event: 1.082 Thread 0x00007f3fa000f800 Threw 0x00000000e646e400 at /build/buildd/openjdk-7-7u71-2.5.3/build/openjdk/hotspot/src/share/vm/prims/jvm.cpp:1284
Event: 1.083 Thread 0x00007f3fa000f800 Threw 0x00000000e6470fd8 at /build/buildd/openjdk-7-7u71-2.5.3/build/openjdk/hotspot/src/share/vm/prims/jvm.cpp:1284
Event: 1.084 Thread 0x00007f3fa000f800 Threw 0x00000000e64742c0 at /build/buildd/openjdk-7-7u71-2.5.3/build/openjdk/hotspot/src/share/vm/prims/jvm.cpp:1284

Events (10 events):
Event: 1.083 loading class 0x00007f3fa0469d70 done
Event: 1.084 loading class 0x00007f3fa0431d80
Event: 1.084 loading class 0x00007f3fa0431d80 done
Event: 1.330 Thread 0x00007f3fa0238000 Thread exited: 0x00007f3fa0238000
Event: 1.330 loading class 0x00007f3fa006acb0
Event: 1.330 loading class 0x00007f3fa006acb0 done
Event: 1.330 loading class 0x00007f3f840b6b40
Event: 1.330 loading class 0x00007f3f840b6b40 done
Event: 1.330 Thread 0x00007f3fa0202000 Thread exited: 0x00007f3fa0202000
Event: 1.331 Thread 0x00007f3fa000f800 Thread exited: 0x00007f3fa000f800


Dynamic libraries:
00400000-006bd000 r-xp 00000000 08:01 139184                             /usr/bin/python2.7
008bc000-008bd000 r--p 002bc000 08:01 139184                             /usr/bin/python2.7
008bd000-00932000 rw-p 002bd000 08:01 139184                             /usr/bin/python2.7
00932000-00944000 rw-p 00000000 00:00 0 
01c63000-02441000 rw-p 00000000 00:00 0                                  [heap]
e6400000-e6760000 rw-p 00000000 00:00 0 
e6760000-eb600000 rw-p 00000000 00:00 0 
eb600000-ebcb0000 rw-p 00000000 00:00 0 
ebcb0000-f5a00000 rw-p 00000000 00:00 0 
f5a00000-f6ec0000 rw-p 00000000 00:00 0 
f6ec0000-100000000 rw-p 00000000 00:00 0 
7f3f80000000-7f3f8020a000 rw-p 00000000 00:00 0 
7f3f8020a000-7f3f84000000 ---p 00000000 00:00 0 
7f3f84000000-7f3f8417d000 rw-p 00000000 00:00 0 
7f3f8417d000-7f3f88000000 ---p 00000000 00:00 0 
7f3f88000000-7f3f88021000 rw-p 00000000 00:00 0 
7f3f88021000-7f3f8c000000 ---p 00000000 00:00 0 
7f3f8c000000-7f3f8c021000 rw-p 00000000 00:00 0 
7f3f8c021000-7f3f90000000 ---p 00000000 00:00 0 
7f3f90000000-7f3f90021000 rw-p 00000000 00:00 0 
7f3f90021000-7f3f94000000 ---p 00000000 00:00 0 
7f3f96e28000-7f3f96e29000 ---p 00000000 00:00 0 
7f3f96e29000-7f3f97629000 rw-p 00000000 00:00 0 
7f3f97629000-7f3f976eb000 r--s 0127a000 08:01 58454                      /home/ganglia/django_proj/monitor/ganglia/metric.jar
7f3f976eb000-7f3f976ee000 ---p 00000000 00:00 0 
7f3f976ee000-7f3f977ec000 rw-p 00000000 00:00 0 
7f3f977ec000-7f3f977ed000 ---p 00000000 00:00 0 
7f3f977ed000-7f3f978ed000 rw-p 00000000 00:00 0 
7f3f978ed000-7f3f978f0000 ---p 00000000 00:00 0 
7f3f978f0000-7f3f979ee000 rw-p 00000000 00:00 0                          [stack:7719]
7f3f979ee000-7f3f979f1000 ---p 00000000 00:00 0 
7f3f979f1000-7f3f97aef000 rw-p 00000000 00:00 0                          [stack:7718]
7f3f97aef000-7f3f97af2000 ---p 00000000 00:00 0 
7f3f97af2000-7f3f97bf0000 rw-p 00000000 00:00 0                          [stack:7717]
7f3f97bf0000-7f3f97bf3000 ---p 00000000 00:00 0 
7f3f97bf3000-7f3f97cf1000 rw-p 00000000 00:00 0 
7f3f97cf1000-7f3f97cf4000 ---p 00000000 00:00 0 
7f3f97cf4000-7f3f97df2000 rw-p 00000000 00:00 0                          [stack:7715]
7f3f97df2000-7f3f97df5000 ---p 00000000 00:00 0 
7f3f97df5000-7f3f97ef3000 rw-p 00000000 00:00 0                          [stack:7714]
7f3f97ef3000-7f3f97ef4000 ---p 00000000 00:00 0 
7f3f97ef4000-7f3f97ff4000 rw-p 00000000 00:00 0 
7f3f97ff4000-7f3f981a5000 r--s 01d25000 08:01 203481                     /usr/lib/jvm/java-7-openjdk-amd64/jre/lib/rt.jar
7f3f981a5000-7f3f981b0000 rw-p 00000000 00:00 0 
7f3f981b0000-7f3f981f9000 rw-p 00000000 00:00 0 
7f3f981f9000-7f3f981fb000 rw-p 00000000 00:00 0 
7f3f981fb000-7f3f98222000 rw-p 00000000 00:00 0 
7f3f98222000-7f3f98226000 rw-p 00000000 00:00 0 
7f3f98226000-7f3f98274000 rw-p 00000000 00:00 0 
7f3f98274000-7f3f9827f000 rw-p 00000000 00:00 0 
7f3f9827f000-7f3f982c7000 rw-p 00000000 00:00 0 
7f3f982c7000-7f3f982d2000 rw-p 00000000 00:00 0 
7f3f982d2000-7f3f98388000 rw-p 00000000 00:00 0 
7f3f98388000-7f3f985f8000 rwxp 00000000 00:00 0 
7f3f985f8000-7f3f9b388000 rw-p 00000000 00:00 0 
7f3f9b388000-7f3f9b390000 r-xp 00000000 08:01 308022                     /usr/lib/jvm/java-7-openjdk-amd64/jre/lib/amd64/libzip.so
7f3f9b390000-7f3f9b58f000 ---p 00008000 08:01 308022                     /usr/lib/jvm/java-7-openjdk-amd64/jre/lib/amd64/libzip.so
7f3f9b58f000-7f3f9b590000 r--p 00007000 08:01 308022                     /usr/lib/jvm/java-7-openjdk-amd64/jre/lib/amd64/libzip.so
7f3f9b590000-7f3f9b591000 rw-p 00008000 08:01 308022                     /usr/lib/jvm/java-7-openjdk-amd64/jre/lib/amd64/libzip.so
7f3f9b591000-7f3f9b59c000 r-xp 00000000 08:01 138010                     /lib/x86_64-linux-gnu/libnss_nis-2.19.so
7f3f9b59c000-7f3f9b79b000 ---p 0000b000 08:01 138010                     /lib/x86_64-linux-gnu/libnss_nis-2.19.so
7f3f9b79b000-7f3f9b79c000 r--p 0000a000 08:01 138010                     /lib/x86_64-linux-gnu/libnss_nis-2.19.so
7f3f9b79c000-7f3f9b79d000 rw-p 0000b000 08:01 138010                     /lib/x86_64-linux-gnu/libnss_nis-2.19.so
7f3f9b79d000-7f3f9b7b4000 r-xp 00000000 08:01 137994                     /lib/x86_64-linux-gnu/libnsl-2.19.so
7f3f9b7b4000-7f3f9b9b3000 ---p 00017000 08:01 137994                     /lib/x86_64-linux-gnu/libnsl-2.19.so
7f3f9b9b3000-7f3f9b9b4000 r--p 00016000 08:01 137994                     /lib/x86_64-linux-gnu/libnsl-2.19.so
7f3f9b9b4000-7f3f9b9b5000 rw-p 00017000 08:01 137994                     /lib/x86_64-linux-gnu/libnsl-2.19.so
7f3f9b9b5000-7f3f9b9b7000 rw-p 00000000 00:00 0 
7f3f9b9b7000-7f3f9b9c0000 r-xp 00000000 08:01 137996                     /lib/x86_64-linux-gnu/libnss_compat-2.19.so
7f3f9b9c0000-7f3f9bbbf000 ---p 00009000 08:01 137996                     /lib/x86_64-linux-gnu/libnss_compat-2.19.so
7f3f9bbbf000-7f3f9bbc0000 r--p 00008000 08:01 137996                     /lib/x86_64-linux-gnu/libnss_compat-2.19.so
7f3f9bbc0000-7f3f9bbc1000 rw-p 00009000 08:01 137996                     /lib/x86_64-linux-gnu/libnss_compat-2.19.so
7f3f9bbc1000-7f3f9bbec000 r-xp 00000000 08:01 308086                     /usr/lib/jvm/java-7-openjdk-amd64/jre/lib/amd64/libjava.so
7f3f9bbec000-7f3f9bdeb000 ---p 0002b000 08:01 308086                     /usr/lib/jvm/java-7-openjdk-amd64/jre/lib/amd64/libjava.so
7f3f9bdeb000-7f3f9bdec000 r--p 0002a000 08:01 308086                     /usr/lib/jvm/java-7-openjdk-amd64/jre/lib/amd64/libjava.so
7f3f9bdec000-7f3f9bdee000 rw-p 0002b000 08:01 308086                     /usr/lib/jvm/java-7-openjdk-amd64/jre/lib/amd64/libjava.so
7f3f9bdee000-7f3f9bdfe000 r-xp 00000000 08:01 308125                     /usr/lib/jvm/java-7-openjdk-amd64/jre/lib/amd64/libverify.so
7f3f9bdfe000-7f3f9bffd000 ---p 00010000 08:01 308125                     /usr/lib/jvm/java-7-openjdk-amd64/jre/lib/amd64/libverify.so
7f3f9bffd000-7f3f9bfff000 r--p 0000f000 08:01 308125                     /usr/lib/jvm/java-7-openjdk-amd64/jre/lib/amd64/libverify.so
7f3f9bfff000-7f3f9c000000 rw-p 00011000 08:01 308125                     /usr/lib/jvm/java-7-openjdk-amd64/jre/lib/amd64/libverify.so
7f3f9c000000-7f3f9c1f5000 rw-p 00000000 00:00 0 
7f3f9c1f5000-7f3fa0000000 ---p 00000000 00:00 0 
7f3fa0000000-7f3fa04b3000 rw-p 00000000 00:00 0 
7f3fa04b3000-7f3fa4000000 ---p 00000000 00:00 0 
7f3fa4000000-7f3fa406e000 rw-p 00000000 00:00 0 
7f3fa406e000-7f3fa8000000 ---p 00000000 00:00 0 
7f3fa8013000-7f3fa8057000 rw-p 00000000 00:00 0 
7f3fa8057000-7f3fa80a6000 rw-p 00000000 00:00 0 
7f3fa80a6000-7f3fa80ad000 r-xp 00000000 08:01 138053                     /lib/x86_64-linux-gnu/librt-2.19.so
7f3fa80ad000-7f3fa82ac000 ---p 00007000 08:01 138053                     /lib/x86_64-linux-gnu/librt-2.19.so
7f3fa82ac000-7f3fa82ad000 r--p 00006000 08:01 138053                     /lib/x86_64-linux-gnu/librt-2.19.so
7f3fa82ad000-7f3fa82ae000 rw-p 00007000 08:01 138053                     /lib/x86_64-linux-gnu/librt-2.19.so
7f3fa82ae000-7f3fa8dc4000 r-xp 00000000 08:01 308132                     /usr/lib/jvm/java-7-openjdk-amd64/jre/lib/amd64/server/libjvm.so
7f3fa8dc4000-7f3fa8fc3000 ---p 00b16000 08:01 308132                     /usr/lib/jvm/java-7-openjdk-amd64/jre/lib/amd64/server/libjvm.so
7f3fa8fc3000-7f3fa905d000 r--p 00b15000 08:01 308132                     /usr/lib/jvm/java-7-openjdk-amd64/jre/lib/amd64/server/libjvm.so
7f3fa905d000-7f3fa9080000 rw-p 00baf000 08:01 308132                     /usr/lib/jvm/java-7-openjdk-amd64/jre/lib/amd64/server/libjvm.so
7f3fa9080000-7f3fa90ae000 rw-p 00000000 00:00 0 
7f3fa90ae000-7f3fa90c4000 r-xp 00000000 08:01 137952                     /lib/x86_64-linux-gnu/libgcc_s.so.1
7f3fa90c4000-7f3fa92c3000 ---p 00016000 08:01 137952                     /lib/x86_64-linux-gnu/libgcc_s.so.1
7f3fa92c3000-7f3fa92c4000 rw-p 00015000 08:01 137952                     /lib/x86_64-linux-gnu/libgcc_s.so.1
7f3fa92c4000-7f3fa93aa000 r-xp 00000000 08:01 273138                     /usr/lib/x86_64-linux-gnu/libstdc++.so.6.0.19
7f3fa93aa000-7f3fa95a9000 ---p 000e6000 08:01 273138                     /usr/lib/x86_64-linux-gnu/libstdc++.so.6.0.19
7f3fa95a9000-7f3fa95b1000 r--p 000e5000 08:01 273138                     /usr/lib/x86_64-linux-gnu/libstdc++.so.6.0.19
7f3fa95b1000-7f3fa95b3000 rw-p 000ed000 08:01 273138                     /usr/lib/x86_64-linux-gnu/libstdc++.so.6.0.19
7f3fa95b3000-7f3fa95c8000 rw-p 00000000 00:00 0 
7f3fa95c8000-7f3fa9650000 r-xp 00000000 08:01 416215                     /usr/lib/python2.7/dist-packages/_jpype.so
7f3fa9650000-7f3fa9850000 ---p 00088000 08:01 416215                     /usr/lib/python2.7/dist-packages/_jpype.so
7f3fa9850000-7f3fa9853000 r--p 00088000 08:01 416215                     /usr/lib/python2.7/dist-packages/_jpype.so
7f3fa9853000-7f3fa9856000 rw-p 0008b000 08:01 416215                     /usr/lib/python2.7/dist-packages/_jpype.so
7f3fa9856000-7f3fa9956000 rw-p 00000000 00:00 0 
7f3fa9956000-7f3fa9959000 ---p 00000000 00:00 0 
7f3fa9959000-7f3faa157000 rw-p 00000000 00:00 0                          [stack:7728]
7f3faa157000-7f3faa158000 ---p 00000000 00:00 0 
7f3faa158000-7f3faa958000 rw-p 00000000 00:00 0                          [stack:7727]
7f3faa958000-7f3faa963000 r-xp 00000000 08:01 138000                     /lib/x86_64-linux-gnu/libnss_files-2.19.so
7f3faa963000-7f3faab62000 ---p 0000b000 08:01 138000                     /lib/x86_64-linux-gnu/libnss_files-2.19.so
7f3faab62000-7f3faab63000 r--p 0000a000 08:01 138000                     /lib/x86_64-linux-gnu/libnss_files-2.19.so
7f3faab63000-7f3faab64000 rw-p 0000b000 08:01 138000                     /lib/x86_64-linux-gnu/libnss_files-2.19.so
7f3faab64000-7f3faabe4000 rw-p 00000000 00:00 0 
7f3faabe4000-7f3faabe5000 ---p 00000000 00:00 0 
7f3faabe5000-7f3fab425000 rw-p 00000000 00:00 0                          [stack:7707]
7f3fab425000-7f3fab429000 r-xp 00000000 08:01 397329                     /usr/lib/python2.7/lib-dynload/termios.x86_64-linux-gnu.so
7f3fab429000-7f3fab628000 ---p 00004000 08:01 397329                     /usr/lib/python2.7/lib-dynload/termios.x86_64-linux-gnu.so
7f3fab628000-7f3fab629000 r--p 00003000 08:01 397329                     /usr/lib/python2.7/lib-dynload/termios.x86_64-linux-gnu.so
7f3fab629000-7f3fab62b000 rw-p 00004000 08:01 397329                     /usr/lib/python2.7/lib-dynload/termios.x86_64-linux-gnu.so
7f3fab62b000-7f3fab72b000 rw-p 00000000 00:00 0 
7f3fab72b000-7f3fab7df000 r-xp 00000000 08:01 273128                     /usr/lib/x86_64-linux-gnu/libsqlite3.so.0.8.6
7f3fab7df000-7f3fab9df000 ---p 000b4000 08:01 273128                     /usr/lib/x86_64-linux-gnu/libsqlite3.so.0.8.6
7f3fab9df000-7f3fab9e1000 r--p 000b4000 08:01 273128                     /usr/lib/x86_64-linux-gnu/libsqlite3.so.0.8.6
7f3fab9e1000-7f3fab9e3000 rw-p 000b6000 08:01 273128                     /usr/lib/x86_64-linux-gnu/libsqlite3.so.0.8.6
7f3fab9e3000-7f3fab9e4000 rw-p 00000000 00:00 0 
7f3fab9e4000-7f3fab9f6000 r-xp 00000000 08:01 397310                     /usr/lib/python2.7/lib-dynload/_sqlite3.x86_64-linux-gnu.so
7f3fab9f6000-7f3fabbf5000 ---p 00012000 08:01 397310                     /usr/lib/python2.7/lib-dynload/_sqlite3.x86_64-linux-gnu.so
7f3fabbf5000-7f3fabbf6000 r--p 00011000 08:01 397310                     /usr/lib/python2.7/lib-dynload/_sqlite3.x86_64-linux-gnu.so
7f3fabbf6000-7f3fabbf8000 rw-p 00012000 08:01 397310                     /usr/lib/python2.7/lib-dynload/_sqlite3.x86_64-linux-gnu.so
7f3fabbf8000-7f3fac1f8000 rw-p 00000000 00:00 0 
7f3fac1f8000-7f3fac204000 r-xp 00000000 08:01 397306                     /usr/lib/python2.7/lib-dynload/_json.x86_64-linux-gnu.so
7f3fac204000-7f3fac403000 ---p 0000c000 08:01 397306                     /usr/lib/python2.7/lib-dynload/_json.x86_64-linux-gnu.so
7f3fac403000-7f3fac404000 r--p 0000b000 08:01 397306                     /usr/lib/python2.7/lib-dynload/_json.x86_64-linux-gnu.so
7f3fac404000-7f3fac405000 rw-p 0000c000 08:01 397306                     /usr/lib/python2.7/lib-dynload/_json.x86_64-linux-gnu.so
7f3fac405000-7f3fac545000 rw-p 00000000 00:00 0 
7f3fac545000-7f3fac549000 r-xp 00000000 08:01 397304                     /usr/lib/python2.7/lib-dynload/_hashlib.x86_64-linux-gnu.so
7f3fac549000-7f3fac748000 ---p 00004000 08:01 397304                     /usr/lib/python2.7/lib-dynload/_hashlib.x86_64-linux-gnu.so
7f3fac748000-7f3fac749000 r--p 00003000 08:01 397304                     /usr/lib/python2.7/lib-dynload/_hashlib.x86_64-linux-gnu.so
7f3fac749000-7f3fac74a000 rw-p 00004000 08:01 397304                     /usr/lib/python2.7/lib-dynload/_hashlib.x86_64-linux-gnu.so
7f3fac74a000-7f3fac78a000 rw-p 00000000 00:00 0 
7f3fac78a000-7f3fac93b000 r-xp 00000000 08:01 137937                     /lib/x86_64-linux-gnu/libcrypto.so.1.0.0
7f3fac93b000-7f3facb3a000 ---p 001b1000 08:01 137937                     /lib/x86_64-linux-gnu/libcrypto.so.1.0.0
7f3facb3a000-7f3facb55000 r--p 001b0000 08:01 137937                     /lib/x86_64-linux-gnu/libcrypto.so.1.0.0
7f3facb55000-7f3facb60000 rw-p 001cb000 08:01 137937                     /lib/x86_64-linux-gnu/libcrypto.so.1.0.0
7f3facb60000-7f3facb64000 rw-p 00000000 00:00 0 
7f3facb64000-7f3facbb8000 r-xp 00000000 08:01 138061                     /lib/x86_64-linux-gnu/libssl.so.1.0.0
7f3facbb8000-7f3facdb8000 ---p 00054000 08:01 138061                     /lib/x86_64-linux-gnu/libssl.so.1.0.0
7f3facdb8000-7f3facdbb000 r--p 00054000 08:01 138061                     /lib/x86_64-linux-gnu/libssl.so.1.0.0
7f3facdbb000-7f3facdc1000 rw-p 00057000 08:01 138061                     /lib/x86_64-linux-gnu/libssl.so.1.0.0
7f3facdc1000-7f3facdc2000 rw-p 00000000 00:00 0 
7f3facdc2000-7f3facdca000 r-xp 00000000 08:01 397311                     /usr/lib/python2.7/lib-dynload/_ssl.x86_64-linux-gnu.so
7f3facdca000-7f3facfc9000 ---p 00008000 08:01 397311                     /usr/lib/python2.7/lib-dynload/_ssl.x86_64-linux-gnu.so
7f3facfc9000-7f3facfca000 r--p 00007000 08:01 397311                     /usr/lib/python2.7/lib-dynload/_ssl.x86_64-linux-gnu.so
7f3facfca000-7f3facfcb000 rw-p 00008000 08:01 397311                     /usr/lib/python2.7/lib-dynload/_ssl.x86_64-linux-gnu.so
7f3facfcb000-7f3fad18c000 rw-p 00000000 00:00 0 
7f3fad18c000-7f3fad1a3000 r-xp 00000000 08:01 397316                     /usr/lib/python2.7/lib-dynload/datetime.x86_64-linux-gnu.so
7f3fad1a3000-7f3fad3a2000 ---p 00017000 08:01 397316                     /usr/lib/python2.7/lib-dynload/datetime.x86_64-linux-gnu.so
7f3fad3a2000-7f3fad3a3000 r--p 00016000 08:01 397316                     /usr/lib/python2.7/lib-dynload/datetime.x86_64-linux-gnu.so
7f3fad3a3000-7f3fad3a7000 rw-p 00017000 08:01 397316                     /usr/lib/python2.7/lib-dynload/datetime.x86_64-linux-gnu.so
7f3fad3a7000-7f3fad427000 rw-p 00000000 00:00 0 
7f3fad427000-7f3fadb09000 r--p 00000000 08:01 269724                     /usr/lib/locale/locale-archive
7f3fadb09000-7f3fadc0e000 r-xp 00000000 08:01 137975                     /lib/x86_64-linux-gnu/libm-2.19.so
7f3fadc0e000-7f3fade0d000 ---p 00105000 08:01 137975                     /lib/x86_64-linux-gnu/libm-2.19.so
7f3fade0d000-7f3fade0e000 r--p 00104000 08:01 137975                     /lib/x86_64-linux-gnu/libm-2.19.so
7f3fade0e000-7f3fade0f000 rw-p 00105000 08:01 137975                     /lib/x86_64-linux-gnu/libm-2.19.so
7f3fade0f000-7f3fade27000 r-xp 00000000 08:01 138088                     /lib/x86_64-linux-gnu/libz.so.1.2.8
7f3fade27000-7f3fae026000 ---p 00018000 08:01 138088                     /lib/x86_64-linux-gnu/libz.so.1.2.8
7f3fae026000-7f3fae027000 r--p 00017000 08:01 138088                     /lib/x86_64-linux-gnu/libz.so.1.2.8
7f3fae027000-7f3fae028000 rw-p 00018000 08:01 138088                     /lib/x86_64-linux-gnu/libz.so.1.2.8
7f3fae028000-7f3fae02a000 r-xp 00000000 08:01 138080                     /lib/x86_64-linux-gnu/libutil-2.19.so
7f3fae02a000-7f3fae229000 ---p 00002000 08:01 138080                     /lib/x86_64-linux-gnu/libutil-2.19.so
7f3fae229000-7f3fae22a000 r--p 00001000 08:01 138080                     /lib/x86_64-linux-gnu/libutil-2.19.so
7f3fae22a000-7f3fae22b000 rw-p 00002000 08:01 138080                     /lib/x86_64-linux-gnu/libutil-2.19.so
7f3fae22b000-7f3fae22e000 r-xp 00000000 08:01 137942                     /lib/x86_64-linux-gnu/libdl-2.19.so
7f3fae22e000-7f3fae42d000 ---p 00003000 08:01 137942                     /lib/x86_64-linux-gnu/libdl-2.19.so
7f3fae42d000-7f3fae42e000 r--p 00002000 08:01 137942                     /lib/x86_64-linux-gnu/libdl-2.19.so
7f3fae42e000-7f3fae42f000 rw-p 00003000 08:01 137942                     /lib/x86_64-linux-gnu/libdl-2.19.so
7f3fae42f000-7f3fae5eb000 r-xp 00000000 08:01 137925                     /lib/x86_64-linux-gnu/libc-2.19.so
7f3fae5eb000-7f3fae7ea000 ---p 001bc000 08:01 137925                     /lib/x86_64-linux-gnu/libc-2.19.so
7f3fae7ea000-7f3fae7ee000 r--p 001bb000 08:01 137925                     /lib/x86_64-linux-gnu/libc-2.19.so
7f3fae7ee000-7f3fae7f0000 rw-p 001bf000 08:01 137925                     /lib/x86_64-linux-gnu/libc-2.19.so
7f3fae7f0000-7f3fae7f5000 rw-p 00000000 00:00 0 
7f3fae7f5000-7f3fae80e000 r-xp 00000000 08:01 138045                     /lib/x86_64-linux-gnu/libpthread-2.19.so
7f3fae80e000-7f3faea0d000 ---p 00019000 08:01 138045                     /lib/x86_64-linux-gnu/libpthread-2.19.so
7f3faea0d000-7f3faea0e000 r--p 00018000 08:01 138045                     /lib/x86_64-linux-gnu/libpthread-2.19.so
7f3faea0e000-7f3faea0f000 rw-p 00019000 08:01 138045                     /lib/x86_64-linux-gnu/libpthread-2.19.so
7f3faea0f000-7f3faea13000 rw-p 00000000 00:00 0 
7f3faea13000-7f3faea36000 r-xp 00000000 08:01 137901                     /lib/x86_64-linux-gnu/ld-2.19.so
7f3faea67000-7f3faeb27000 rw-p 00000000 00:00 0 
7f3faeb4a000-7f3faeb4f000 r--s 0004c000 08:01 203467                     /usr/lib/jvm/java-7-openjdk-amd64/jre/lib/jsse.jar
7f3faeb4f000-7f3faeb50000 r--s 00002000 08:01 308163                     /usr/lib/jvm/java-7-openjdk-amd64/jre/lib/ext/dnsns.jar
7f3faeb50000-7f3faeb54000 r--s 0003c000 08:01 308160                     /usr/lib/jvm/java-7-openjdk-amd64/jre/lib/ext/sunpkcs11.jar
7f3faeb54000-7f3faeb58000 r--s 00034000 08:01 308162                     /usr/lib/jvm/java-7-openjdk-amd64/jre/lib/ext/sunjce_provider.jar
7f3faeb58000-7f3faec1d000 rw-p 00000000 00:00 0 
7f3faec1d000-7f3faec20000 r--s 0000f000 08:01 308158                     /usr/lib/jvm/java-7-openjdk-amd64/jre/lib/ext/icedtea-sound.jar
7f3faec20000-7f3faec22000 r--s 00012000 08:01 308159                     /usr/lib/jvm/java-7-openjdk-amd64/jre/lib/ext/zipfs.jar
7f3faec22000-7f3faec24000 r--s 00006000 08:01 203533                     /usr/share/java/java-atk-wrapper.jar
7f3faec24000-7f3faec28000 r--s 00085000 08:01 308161                     /usr/lib/jvm/java-7-openjdk-amd64/jre/lib/ext/localedata.jar
7f3faec28000-7f3faec30000 rw-s 00000000 08:01 59648                      /tmp/hsperfdata_root/7706 (deleted)
7f3faec30000-7f3faec31000 rw-p 00000000 00:00 0 
7f3faec31000-7f3faec32000 ---p 00000000 00:00 0 
7f3faec32000-7f3faec35000 rw-p 00000000 00:00 0 
7f3faec35000-7f3faec36000 r--p 00022000 08:01 137901                     /lib/x86_64-linux-gnu/ld-2.19.so
7f3faec36000-7f3faec37000 rw-p 00023000 08:01 137901                     /lib/x86_64-linux-gnu/ld-2.19.so
7f3faec37000-7f3faec38000 rw-p 00000000 00:00 0 
7fff22eaa000-7fff22ecb000 rw-p 00000000 00:00 0                          [stack]
7fff22f61000-7fff22f63000 r-xp 00000000 00:00 0                          [vdso]
ffffffffff600000-ffffffffff601000 r-xp 00000000 00:00 0                  [vsyscall]

VM Arguments:
jvm_args: -ea 
java_command: <unknown>
Launcher Type: generic

Environment Variables:
PATH=/usr/local/sbin:/usr/local/bin:/usr/sbin:/usr/bin:/sbin:/bin:/usr/games:/usr/local/games
USERNAME=root
SHELL=/bin/bash
DISPLAY=:0

Signal Handlers:
SIGSEGV: [libjvm.so+0x9495e0], sa_mask[0]=0x7ffbfeff, sa_flags=0x10000004
SIGBUS: [libjvm.so+0x9495e0], sa_mask[0]=0x7ffbfeff, sa_flags=0x10000004
SIGFPE: [libjvm.so+0x7c3410], sa_mask[0]=0x7ffbfeff, sa_flags=0x10000004
SIGPIPE: [libjvm.so+0x7c3410], sa_mask[0]=0x7ffbfeff, sa_flags=0x10000004
SIGXFSZ: [libjvm.so+0x7c3410], sa_mask[0]=0x7ffbfeff, sa_flags=0x10000004
SIGILL: [libjvm.so+0x7c3410], sa_mask[0]=0x7ffbfeff, sa_flags=0x10000004
SIGUSR1: SIG_DFL, sa_mask[0]=0x00000000, sa_flags=0x00000000
SIGUSR2: [libjvm.so+0x7c32b0], sa_mask[0]=0x00000000, sa_flags=0x10000004
SIGHUP: [libjvm.so+0x7c3490], sa_mask[0]=0x7ffbfeff, sa_flags=0x10000004
SIGINT: [libjvm.so+0x7c3490], sa_mask[0]=0x7ffbfeff, sa_flags=0x10000004
SIGTERM: [libjvm.so+0x7c3490], sa_mask[0]=0x7ffbfeff, sa_flags=0x10000004
SIGQUIT: [libjvm.so+0x7c3490], sa_mask[0]=0x7ffbfeff, sa_flags=0x10000004
SIGTRAP: SIG_DFL, sa_mask[0]=0x00000000, sa_flags=0x00000000


---------------  S Y S T E M  ---------------

OS:Ubuntu 14.04 (trusty)
uname:Linux 3.13.0-24-generic #46-Ubuntu SMP Thu Apr 10 19:11:08 UTC 2014 x86_64
libc:glibc 2.19 NPTL 2.19 
rlimit: STACK 8192k, CORE 0k, NPROC 3752, NOFILE 4096, AS infinity
load average:0.10 0.21 0.17

/proc/meminfo:
MemTotal:         501832 kB
MemFree:           18576 kB
Buffers:           11852 kB
Cached:            75404 kB
SwapCached:        20944 kB
Active:           206828 kB
Inactive:         183472 kB
Active(anon):     143764 kB
Inactive(anon):   159992 kB
Active(file):      63064 kB
Inactive(file):    23480 kB
Unevictable:          32 kB
Mlocked:              32 kB
SwapTotal:        522236 kB
SwapFree:         120600 kB
Dirty:               452 kB
Writeback:             0 kB
AnonPages:        282232 kB
Mapped:            40080 kB
Shmem:               672 kB
Slab:              43848 kB
SReclaimable:      23304 kB
SUnreclaim:        20544 kB
KernelStack:        3072 kB
PageTables:        29760 kB
NFS_Unstable:          0 kB
Bounce:                0 kB
WritebackTmp:          0 kB
CommitLimit:      773152 kB
Committed_AS:    3257068 kB
VmallocTotal:   34359738367 kB
VmallocUsed:       22184 kB
VmallocChunk:   34359711448 kB
HardwareCorrupted:     0 kB
AnonHugePages:         0 kB
HugePages_Total:       0
HugePages_Free:        0
HugePages_Rsvd:        0
HugePages_Surp:        0
Hugepagesize:       2048 kB
DirectMap4k:       40896 kB
DirectMap2M:      483328 kB


CPU:total 1 (1 cores per cpu, 1 threads per core) family 6 model 42 stepping 7, cmov, cx8, fxsr, mmx, sse, sse2, sse3, ssse3, tsc

/proc/cpuinfo:
processor	: 0
vendor_id	: GenuineIntel
cpu family	: 6
model		: 42
model name	: Intel(R) Core(TM) i5-2450M CPU @ 2.50GHz
stepping	: 7
cpu MHz		: 2414.682
cache size	: 6144 KB
physical id	: 0
siblings	: 1
core id		: 0
cpu cores	: 1
apicid		: 0
initial apicid	: 0
fpu		: yes
fpu_exception	: yes
cpuid level	: 5
wp		: yes
flags		: fpu vme de pse tsc msr pae mce cx8 apic sep mtrr pge mca cmov pat pse36 clflush mmx fxsr sse sse2 syscall nx rdtscp lm constant_tsc rep_good nopl pni monitor ssse3 lahf_lm
bogomips	: 4829.36
clflush size	: 64
cache_alignment	: 64
address sizes	: 36 bits physical, 48 bits virtual
power management:



Memory: 4k page, physical 501832k(18576k free), swap 522236k(120600k free)

vm_info: OpenJDK 64-Bit Server VM (24.65-b04) for linux-amd64 JRE (1.7.0_65-b32), built on Oct 22 2014 04:37:44 by "buildd" with gcc 4.8.2

time: Fri Jan 16 12:33:05 2015
elapsed time: 12 seconds

