#
# A fatal error has been detected by the Java Runtime Environment:
#
#  SIGSEGV (0xb) at pc=0x00007f74725afc08, pid=7678, tid=140138130695936
#
# JRE version: OpenJDK Runtime Environment (7.0_65-b32) (build 1.7.0_65-b32)
# Java VM: OpenJDK 64-Bit Server VM (24.65-b04 mixed mode linux-amd64 compressed oops)
# Derivative: IcedTea 2.5.3
# Distribution: Ubuntu 14.04 LTS, package 7u71-2.5.3-0ubuntu0.14.04.1
# Problematic frame:
# C  [_jpype.so+0x40c08]  JPJavaEnv::FindClass(char const*)+0x28
#
# Failed to write core dump. Core dumps have been disabled. To enable core dumping, try "ulimit -c unlimited" before starting Java again
#
# If you would like to submit a bug report, please include
# instructions on how to reproduce the bug and visit:
#   http://icedtea.classpath.org/bugzilla
#

---------------  T H R E A D  ---------------

Current thread is native thread

siginfo:si_signo=SIGSEGV: si_errno=0, si_code=1 (SEGV_MAPERR), si_addr=0x0000000000000000

Registers:
RAX=0x00007f7474062870, RBX=0x00007f74727fc7b8, RCX=0x0000000000018d10, RDX=0x0000000000000000
RSP=0x00007f74737fb680, RBP=0x0000000000000000, RSI=0x0000000000000001, RDI=0x0000000002b28e80
R8 =0x00007f74600082f0, R9 =0x00007f7460000078, R10=0x00007f7460000078, R11=0x00007f7460000070
R12=0x00007f7474062870, R13=0x00007f7460001a08, R14=0x00007f7472555480, R15=0x00007f74737fb740
RIP=0x00007f74725afc08, EFLAGS=0x0000000000010246, CSGSFS=0x0000000000000033, ERR=0x0000000000000004
  TRAPNO=0x000000000000000e

Top of Stack: (sp=0x00007f74737fb680)
0x00007f74737fb680:   00007f74737fb7d8 00007f74737fb770
0x00007f74737fb690:   00007f7472555420 0000000000000000
0x00007f74737fb6a0:   00007f7472555420 00007f7472599413
0x00007f74737fb6b0:   00007f7460003500 00007f7400000038
0x00007f74737fb6c0:   00007f74727fc728 00007f74737fb730
0x00007f74737fb6d0:   00007f74737fb998 00007f74737fb990
0x00007f74737fb6e0:   0000000000000000 00007f74737fb750
0x00007f74737fb6f0:   00007f7460001998 00007f74737fb71f
0x00007f74737fb700:   00007f7460001d58 00007f7474062870
0x00007f74737fb710:   00007f7460001a08 000000000090aa40
0x00007f74737fb720:   00007f74600019d8 0000000000920190
0x00007f74737fb730:   00007f7460003518 000000000056d2e5
0x00007f74737fb740:   00007f7460003518 00007f7460000020
0x00007f74737fb750:   00007f74727f80f0 00007f7460001998
0x00007f74737fb760:   00007f7460003500 0000000000000008
0x00007f74737fb770:   00007f74727f82d0 0000000000000000
0x00007f74737fb780:   0000000000000000 0000000000000000
0x00007f74737fb790:   0000000000000000 0000000000000000
0x00007f74737fb7a0:   0000000000000000 0000000000000000
0x00007f74737fb7b0:   0000000000000000 0000000000000000
0x00007f74737fb7c0:   00007f747256de00 0000000000000018
0x00007f74737fb7d0:   00007f7460008318 00007f7472552f30
0x00007f74737fb7e0:   0000000000000006 0000000000000000
0x00007f74737fb7f0:   0000000000001002 ffff808b00000000
0x00007f74737fb800:   0000000000000000 0000000000000000
0x00007f74737fb810:   0000000000000000 0000000000000000
0x00007f74737fb820:   0000000000000000 0000000000000000
0x00007f74737fb830:   0000000000000000 0000000000000000
0x00007f74737fb840:   0000000000000000 0000000000000000
0x00007f74737fb850:   0000000000000000 0000000000000000
0x00007f74737fb860:   0000000000000000 0000000000000000
0x00007f74737fb870:   0000000000000000 0000000000000000 

Instructions: (pc=0x00007f74725afc08)
0x00007f74725afbe8:   53 48 83 ec 08 e8 4e 2b ff ff 48 8b 1d ef a0 24
0x00007f74725afbf8:   00 48 89 c5 48 8b 3b 48 8b 07 ff 50 30 49 89 c4
0x00007f74725afc08:   48 8b 45 00 48 89 ef 4c 89 ee ff 50 30 48 8b 3b
0x00007f74725afc18:   48 89 c5 4c 89 e6 48 8b 07 ff 50 38 48 8b 05 7d 

Register to memory mapping:

RAX=
[error occurred during error reporting (printing register info), id 0xb]

Stack: [0x00007f7472ffe000,0x00007f74737ff000],  sp=0x00007f74737fb680,  free space=8181k
Native frames: (J=compiled Java code, j=interpreted, Vv=VM code, C=native code)
C  [_jpype.so+0x40c08]  JPJavaEnv::FindClass(char const*)+0x28

[error occurred during error reporting (printing native stack), id 0xb]


---------------  P R O C E S S  ---------------

VM state:at safepoint (shutting down)

VM Mutex/Monitor currently owned by a thread:  ([mutex/lock_event])
[0x00007f746c01bb90] Threads_lock - owner thread: 0x00007f746c1de000

Heap
 def new generation   total 3136K, used 853K [0x00000000e6400000, 0x00000000e6760000, 0x00000000eb600000)
  eden space 2816K,  18% used [0x00000000e6400000, 0x00000000e64857b0, 0x00000000e66c0000)
  from space 320K, 100% used [0x00000000e6710000, 0x00000000e6760000, 0x00000000e6760000)
  to   space 320K,   0% used [0x00000000e66c0000, 0x00000000e66c0000, 0x00000000e6710000)
 tenured generation   total 6840K, used 4504K [0x00000000eb600000, 0x00000000ebcae000, 0x00000000f5a00000)
   the space 6840K,  65% used [0x00000000eb600000, 0x00000000eba660c0, 0x00000000eba66200, 0x00000000ebcae000)
 compacting perm gen  total 21248K, used 9908K [0x00000000f5a00000, 0x00000000f6ec0000, 0x0000000100000000)
   the space 21248K,  46% used [0x00000000f5a00000, 0x00000000f63ad110, 0x00000000f63ad200, 0x00000000f6ec0000)
No shared spaces configured.

Card table byte_map: [0x00007f7470306000,0x00007f74703d5000] byte_map_base: 0x00007f746fbd4000

Polling page: 0x00007f747cc4c000

Code Cache  [0x00007f745d000000, 0x00007f745d270000, 0x00007f7460000000)
 total_blobs=289 nmethods=50 adapters=193 free_code_cache=48670Kb largest_free_block=49825280

Compilation events (10 events):
Event: 1.057 Thread 0x00007f746c213000 nmethod 46 0x00007f745d075990 code [0x00007f745d075ae0, 0x00007f745d075c38]
Event: 1.057 Thread 0x00007f746c213000   47             java.lang.CharacterDataLatin1::toLowerCase (39 bytes)
Event: 1.058 Thread 0x00007f746c213000 nmethod 47 0x00007f745d075710 code [0x00007f745d075840, 0x00007f745d0758f8]
Event: 1.064 Thread 0x00007f746c215000 nmethod 45 0x00007f745d078a10 code [0x00007f745d078bc0, 0x00007f745d079408]
Event: 1.080 Thread 0x00007f746c213000   48             java.lang.String::<init> (67 bytes)
Event: 1.083 Thread 0x00007f746c213000 nmethod 48 0x00007f745d079a90 code [0x00007f745d079be0, 0x00007f745d079e58]
Event: 1.115 Thread 0x00007f746c213000   49             java.util.zip.ZStreamRef::address (5 bytes)
Event: 1.116 Thread 0x00007f746c213000 nmethod 49 0x00007f745d07a090 code [0x00007f745d07a1c0, 0x00007f745d07a218]
Event: 1.132 Thread 0x00007f746c213000   50             java.util.ArrayList::size (5 bytes)
Event: 1.132 Thread 0x00007f746c213000 nmethod 50 0x00007f745d078190 code [0x00007f745d0782c0, 0x00007f745d078318]

GC Heap History (10 events):
Event: 0.793 GC heap before
{Heap before GC invocations=6 (full 0):
 def new generation   total 2368K, used 2280K [0x00000000e6400000, 0x00000000e6690000, 0x00000000eb600000)
  eden space 2112K,  95% used [0x00000000e6400000, 0x00000000e65fa018, 0x00000000e6610000)
  from space 256K, 100% used [0x00000000e6610000, 0x00000000e6650000, 0x00000000e6650000)
  to   space 256K,   0% used [0x00000000e6650000, 0x00000000e6650000, 0x00000000e6690000)
 tenured generation   total 5248K, used 2536K [0x00000000eb600000, 0x00000000ebb20000, 0x00000000f5a00000)
   the space 5248K,  48% used [0x00000000eb600000, 0x00000000eb87a0a0, 0x00000000eb87a200, 0x00000000ebb20000)
 compacting perm gen  total 21248K, used 7102K [0x00000000f5a00000, 0x00000000f6ec0000, 0x0000000100000000)
   the space 21248K,  33% used [0x00000000f5a00000, 0x00000000f60efb00, 0x00000000f60efc00, 0x00000000f6ec0000)
No shared spaces configured.
Event: 0.795 GC heap after
Heap after GC invocations=7 (full 0):
 def new generation   total 2368K, used 255K [0x00000000e6400000, 0x00000000e6690000, 0x00000000eb600000)
  eden space 2112K,   0% used [0x00000000e6400000, 0x00000000e6400000, 0x00000000e6610000)
  from space 256K,  99% used [0x00000000e6650000, 0x00000000e668fff8, 0x00000000e6690000)
  to   space 256K,   0% used [0x00000000e6610000, 0x00000000e6610000, 0x00000000e6650000)
 tenured generation   total 5248K, used 3060K [0x00000000eb600000, 0x00000000ebb20000, 0x00000000f5a00000)
   the space 5248K,  58% used [0x00000000eb600000, 0x00000000eb8fd2f0, 0x00000000eb8fd400, 0x00000000ebb20000)
 compacting perm gen  total 21248K, used 7102K [0x00000000f5a00000, 0x00000000f6ec0000, 0x0000000100000000)
   the space 21248K,  33% used [0x00000000f5a00000, 0x00000000f60efb00, 0x00000000f60efc00, 0x00000000f6ec0000)
No shared spaces configured.
}
Event: 0.886 GC heap before
{Heap before GC invocations=7 (full 0):
 def new generation   total 2368K, used 2367K [0x00000000e6400000, 0x00000000e6690000, 0x00000000eb600000)
  eden space 2112K, 100% used [0x00000000e6400000, 0x00000000e6610000, 0x00000000e6610000)
  from space 256K,  99% used [0x00000000e6650000, 0x00000000e668fff8, 0x00000000e6690000)
  to   space 256K,   0% used [0x00000000e6610000, 0x00000000e6610000, 0x00000000e6650000)
 tenured generation   total 5248K, used 3060K [0x00000000eb600000, 0x00000000ebb20000, 0x00000000f5a00000)
   the space 5248K,  58% used [0x00000000eb600000, 0x00000000eb8fd2f0, 0x00000000eb8fd400, 0x00000000ebb20000)
 compacting perm gen  total 21248K, used 7418K [0x00000000f5a00000, 0x00000000f6ec0000, 0x0000000100000000)
   the space 21248K,  34% used [0x00000000f5a00000, 0x00000000f613ea60, 0x00000000f613ec00, 0x00000000f6ec0000)
No shared spaces configured.
Event: 0.889 GC heap after
Heap after GC invocations=8 (full 0):
 def new generation   total 2368K, used 256K [0x00000000e6400000, 0x00000000e6690000, 0x00000000eb600000)
  eden space 2112K,   0% used [0x00000000e6400000, 0x00000000e6400000, 0x00000000e6610000)
  from space 256K, 100% used [0x00000000e6610000, 0x00000000e6650000, 0x00000000e6650000)
  to   space 256K,   0% used [0x00000000e6650000, 0x00000000e6650000, 0x00000000e6690000)
 tenured generation   total 5248K, used 4436K [0x00000000eb600000, 0x00000000ebb20000, 0x00000000f5a00000)
   the space 5248K,  84% used [0x00000000eb600000, 0x00000000eba55178, 0x00000000eba55200, 0x00000000ebb20000)
 compacting perm gen  total 21248K, used 7418K [0x00000000f5a00000, 0x00000000f6ec0000, 0x0000000100000000)
   the space 21248K,  34% used [0x00000000f5a00000, 0x00000000f613ea60, 0x00000000f613ec00, 0x00000000f6ec0000)
No shared spaces configured.
}
Event: 0.934 GC heap before
{Heap before GC invocations=8 (full 0):
 def new generation   total 2368K, used 2355K [0x00000000e6400000, 0x00000000e6690000, 0x00000000eb600000)
  eden space 2112K,  99% used [0x00000000e6400000, 0x00000000e660cc10, 0x00000000e6610000)
  from space 256K, 100% used [0x00000000e6610000, 0x00000000e6650000, 0x00000000e6650000)
  to   space 256K,   0% used [0x00000000e6650000, 0x00000000e6650000, 0x00000000e6690000)
 tenured generation   total 5248K, used 4436K [0x00000000eb600000, 0x00000000ebb20000, 0x00000000f5a00000)
   the space 5248K,  84% used [0x00000000eb600000, 0x00000000eba55178, 0x00000000eba55200, 0x00000000ebb20000)
 compacting perm gen  total 21248K, used 7817K [0x00000000f5a00000, 0x00000000f6ec0000, 0x0000000100000000)
   the space 21248K,  36% used [0x00000000f5a00000, 0x00000000f61a2720, 0x00000000f61a2800, 0x00000000f6ec0000)
No shared spaces configured.
Event: 0.937 GC heap after
Heap after GC invocations=9 (full 0):
 def new generation   total 2368K, used 255K [0x00000000e6400000, 0x00000000e6690000, 0x00000000eb600000)
  eden space 2112K,   0% used [0x00000000e6400000, 0x00000000e6400000, 0x00000000e6610000)
  from space 256K,  99% used [0x00000000e6650000, 0x00000000e668fff0, 0x00000000e6690000)
  to   space 256K,   0% used [0x00000000e6610000, 0x00000000e6610000, 0x00000000e6650000)
 tenured generation   total 5248K, used 5124K [0x00000000eb600000, 0x00000000ebb20000, 0x00000000f5a00000)
   the space 5248K,  97% used [0x00000000eb600000, 0x00000000ebb01128, 0x00000000ebb01200, 0x00000000ebb20000)
 compacting perm gen  total 21248K, used 7817K [0x00000000f5a00000, 0x00000000f6ec0000, 0x0000000100000000)
   the space 21248K,  36% used [0x00000000f5a00000, 0x00000000f61a2720, 0x00000000f61a2800, 0x00000000f6ec0000)
No shared spaces configured.
}
Event: 1.010 GC heap before
{Heap before GC invocations=9 (full 0):
 def new generation   total 2368K, used 2365K [0x00000000e6400000, 0x00000000e6690000, 0x00000000eb600000)
  eden space 2112K,  99% used [0x00000000e6400000, 0x00000000e660f808, 0x00000000e6610000)
  from space 256K,  99% used [0x00000000e6650000, 0x00000000e668fff0, 0x00000000e6690000)
  to   space 256K,   0% used [0x00000000e6610000, 0x00000000e6610000, 0x00000000e6650000)
 tenured generation   total 5248K, used 5124K [0x00000000eb600000, 0x00000000ebb20000, 0x00000000f5a00000)
   the space 5248K,  97% used [0x00000000eb600000, 0x00000000ebb01128, 0x00000000ebb01200, 0x00000000ebb20000)
 compacting perm gen  total 21248K, used 8801K [0x00000000f5a00000, 0x00000000f6ec0000, 0x0000000100000000)
   the space 21248K,  41% used [0x00000000f5a00000, 0x00000000f6298448, 0x00000000f6298600, 0x00000000f6ec0000)
No shared spaces configured.
Event: 1.029 GC heap after
Heap after GC invocations=10 (full 1):
 def new generation   total 3136K, used 0K [0x00000000e6400000, 0x00000000e6760000, 0x00000000eb600000)
  eden space 2816K,   0% used [0x00000000e6400000, 0x00000000e6400000, 0x00000000e66c0000)
  from space 320K,   0% used [0x00000000e66c0000, 0x00000000e66c0000, 0x00000000e6710000)
  to   space 320K,   0% used [0x00000000e6710000, 0x00000000e6710000, 0x00000000e6760000)
 tenured generation   total 6840K, used 4101K [0x00000000eb600000, 0x00000000ebcae000, 0x00000000f5a00000)
   the space 6840K,  59% used [0x00000000eb600000, 0x00000000eba017b8, 0x00000000eba01800, 0x00000000ebcae000)
 compacting perm gen  total 21248K, used 8801K [0x00000000f5a00000, 0x00000000f6ec0000, 0x0000000100000000)
   the space 21248K,  41% used [0x00000000f5a00000, 0x00000000f6298448, 0x00000000f6298600, 0x00000000f6ec0000)
No shared spaces configured.
}
Event: 1.166 GC heap before
{Heap before GC invocations=10 (full 1):
 def new generation   total 3136K, used 2816K [0x00000000e6400000, 0x00000000e6760000, 0x00000000eb600000)
  eden space 2816K, 100% used [0x00000000e6400000, 0x00000000e66c0000, 0x00000000e66c0000)
  from space 320K,   0% used [0x00000000e66c0000, 0x00000000e66c0000, 0x00000000e6710000)
  to   space 320K,   0% used [0x00000000e6710000, 0x00000000e6710000, 0x00000000e6760000)
 tenured generation   total 6840K, used 4101K [0x00000000eb600000, 0x00000000ebcae000, 0x00000000f5a00000)
   the space 6840K,  59% used [0x00000000eb600000, 0x00000000eba017b8, 0x00000000eba01800, 0x00000000ebcae000)
 compacting perm gen  total 21248K, used 9800K [0x00000000f5a00000, 0x00000000f6ec0000, 0x0000000100000000)
   the space 21248K,  46% used [0x00000000f5a00000, 0x00000000f63922c8, 0x00000000f6392400, 0x00000000f6ec0000)
No shared spaces configured.
Event: 1.169 GC heap after
Heap after GC invocations=11 (full 1):
 def new generation   total 3136K, used 320K [0x00000000e6400000, 0x00000000e6760000, 0x00000000eb600000)
  eden space 2816K,   0% used [0x00000000e6400000, 0x00000000e6400000, 0x00000000e66c0000)
  from space 320K, 100% used [0x00000000e6710000, 0x00000000e6760000, 0x00000000e6760000)
  to   space 320K,   0% used [0x00000000e66c0000, 0x00000000e66c0000, 0x00000000e6710000)
 tenured generation   total 6840K, used 4504K [0x00000000eb600000, 0x00000000ebcae000, 0x00000000f5a00000)
   the space 6840K,  65% used [0x00000000eb600000, 0x00000000eba660c0, 0x00000000eba66200, 0x00000000ebcae000)
 compacting perm gen  total 21248K, used 9800K [0x00000000f5a00000, 0x00000000f6ec0000, 0x0000000100000000)
   the space 21248K,  46% used [0x00000000f5a00000, 0x00000000f63922c8, 0x00000000f6392400, 0x00000000f6ec0000)
No shared spaces configured.
}

Deoptimization events (1 events):
Event: 0.486 Thread 0x00007f746c01f000 Uncommon trap: reason=null_check action=make_not_entrant pc=0x00007f745d068358 method=java.lang.String.equals(Ljava/lang/Object;)Z @ 8

Internal exceptions (10 events):
Event: 1.186 Thread 0x00007f746c01f000 Threw 0x00000000e64496f0 at /build/buildd/openjdk-7-7u71-2.5.3/build/openjdk/hotspot/src/share/vm/prims/jvm.cpp:1284
Event: 1.186 Thread 0x00007f746c01f000 Threw 0x00000000e644c1f8 at /build/buildd/openjdk-7-7u71-2.5.3/build/openjdk/hotspot/src/share/vm/prims/jvm.cpp:1284
Event: 1.187 Thread 0x00007f746c01f000 Threw 0x00000000e64515a8 at /build/buildd/openjdk-7-7u71-2.5.3/build/openjdk/hotspot/src/share/vm/prims/jvm.cpp:1284
Event: 1.189 Thread 0x00007f746c01f000 Threw 0x00000000e64550c0 at /build/buildd/openjdk-7-7u71-2.5.3/build/openjdk/hotspot/src/share/vm/prims/jvm.cpp:1284
Event: 1.190 Thread 0x00007f746c01f000 Threw 0x00000000e6459580 at /build/buildd/openjdk-7-7u71-2.5.3/build/openjdk/hotspot/src/share/vm/prims/jvm.cpp:1284
Event: 1.190 Thread 0x00007f746c01f000 Threw 0x00000000e6463538 at /build/buildd/openjdk-7-7u71-2.5.3/build/openjdk/hotspot/src/share/vm/prims/jvm.cpp:1284
Event: 1.191 Thread 0x00007f746c01f000 Threw 0x00000000e6466f08 at /build/buildd/openjdk-7-7u71-2.5.3/build/openjdk/hotspot/src/share/vm/prims/jvm.cpp:1284
Event: 1.191 Thread 0x00007f746c01f000 Threw 0x00000000e646cfc8 at /build/buildd/openjdk-7-7u71-2.5.3/build/openjdk/hotspot/src/share/vm/prims/jvm.cpp:1284
Event: 1.192 Thread 0x00007f746c01f000 Threw 0x00000000e646fb50 at /build/buildd/openjdk-7-7u71-2.5.3/build/openjdk/hotspot/src/share/vm/prims/jvm.cpp:1284
Event: 1.192 Thread 0x00007f746c01f000 Threw 0x00000000e6472e38 at /build/buildd/openjdk-7-7u71-2.5.3/build/openjdk/hotspot/src/share/vm/prims/jvm.cpp:1284

Events (10 events):
Event: 1.191 loading class 0x00007f746c4810a0 done
Event: 1.192 loading class 0x00007f746c4490b0
Event: 1.192 loading class 0x00007f746c4490b0 done
Event: 1.360 Thread 0x00007f746c247000 Thread exited: 0x00007f746c247000
Event: 1.361 loading class 0x00007f746c079d90
Event: 1.361 loading class 0x00007f746c079d90 done
Event: 1.361 loading class 0x00007f74500966d0
Event: 1.361 loading class 0x00007f74500966d0 done
Event: 1.361 Thread 0x00007f746c211000 Thread exited: 0x00007f746c211000
Event: 1.361 Thread 0x00007f746c01f000 Thread exited: 0x00007f746c01f000


Dynamic libraries:
00400000-006bd000 r-xp 00000000 08:01 139184                             /usr/bin/python2.7
008bc000-008bd000 r--p 002bc000 08:01 139184                             /usr/bin/python2.7
008bd000-00932000 rw-p 002bd000 08:01 139184                             /usr/bin/python2.7
00932000-00944000 rw-p 00000000 00:00 0 
024fe000-02cb4000 rw-p 00000000 00:00 0                                  [heap]
e6400000-e6760000 rw-p 00000000 00:00 0 
e6760000-eb600000 rw-p 00000000 00:00 0 
eb600000-ebcae000 rw-p 00000000 00:00 0 
ebcae000-f5a00000 rw-p 00000000 00:00 0 
f5a00000-f6ec0000 rw-p 00000000 00:00 0 
f6ec0000-100000000 rw-p 00000000 00:00 0 
7f7450000000-7f7450171000 rw-p 00000000 00:00 0 
7f7450171000-7f7454000000 ---p 00000000 00:00 0 
7f7454000000-7f745425d000 rw-p 00000000 00:00 0 
7f745425d000-7f7458000000 ---p 00000000 00:00 0 
7f7458000000-7f7458026000 rw-p 00000000 00:00 0 
7f7458026000-7f745c000000 ---p 00000000 00:00 0 
7f745c635000-7f745c6f7000 r--s 0127a000 08:01 58454                      /home/ganglia/django_proj/monitor/ganglia/metric.jar
7f745c6f7000-7f745c6fa000 ---p 00000000 00:00 0 
7f745c6fa000-7f745c7f8000 rw-p 00000000 00:00 0 
7f745c7f8000-7f745c7f9000 ---p 00000000 00:00 0 
7f745c7f9000-7f745c8f9000 rw-p 00000000 00:00 0 
7f745c8f9000-7f745c8fc000 ---p 00000000 00:00 0 
7f745c8fc000-7f745c9fa000 rw-p 00000000 00:00 0                          [stack:7691]
7f745c9fa000-7f745c9fd000 ---p 00000000 00:00 0 
7f745c9fd000-7f745cafb000 rw-p 00000000 00:00 0                          [stack:7690]
7f745cafb000-7f745cafe000 ---p 00000000 00:00 0 
7f745cafe000-7f745cbfc000 rw-p 00000000 00:00 0                          [stack:7689]
7f745cbfc000-7f745cbff000 ---p 00000000 00:00 0 
7f745cbff000-7f745ccfd000 rw-p 00000000 00:00 0 
7f745ccfd000-7f745cd00000 ---p 00000000 00:00 0 
7f745cd00000-7f745cdfe000 rw-p 00000000 00:00 0                          [stack:7687]
7f745cdfe000-7f745ce01000 ---p 00000000 00:00 0 
7f745ce01000-7f745ceff000 rw-p 00000000 00:00 0                          [stack:7686]
7f745ceff000-7f745cf00000 ---p 00000000 00:00 0 
7f745cf00000-7f745d000000 rw-p 00000000 00:00 0 
7f745d000000-7f745d270000 rwxp 00000000 00:00 0 
7f745d270000-7f7460021000 rw-p 00000000 00:00 0 
7f7460021000-7f7464000000 ---p 00000000 00:00 0 
7f7464000000-7f7464032000 rw-p 00000000 00:00 0 
7f7464032000-7f7468000000 ---p 00000000 00:00 0 
7f7468000000-7f7468021000 rw-p 00000000 00:00 0 
7f7468021000-7f746c000000 ---p 00000000 00:00 0 
7f746c000000-7f746c4ca000 rw-p 00000000 00:00 0 
7f746c4ca000-7f7470000000 ---p 00000000 00:00 0 
7f747002e000-7f74700ae000 rw-p 00000000 00:00 0 
7f74700ae000-7f747025f000 r--s 01d25000 08:01 203481                     /usr/lib/jvm/java-7-openjdk-amd64/jre/lib/rt.jar
7f747025f000-7f747026a000 rw-p 00000000 00:00 0 
7f747026a000-7f74702b3000 rw-p 00000000 00:00 0 
7f74702b3000-7f74702b7000 rw-p 00000000 00:00 0 
7f74702b7000-7f7470306000 rw-p 00000000 00:00 0 
7f7470306000-7f7470308000 rw-p 00000000 00:00 0 
7f7470308000-7f747032f000 rw-p 00000000 00:00 0 
7f747032f000-7f7470333000 rw-p 00000000 00:00 0 
7f7470333000-7f7470381000 rw-p 00000000 00:00 0 
7f7470381000-7f747038c000 rw-p 00000000 00:00 0 
7f747038c000-7f74703d4000 rw-p 00000000 00:00 0 
7f74703d4000-7f74703d5000 rw-p 00000000 00:00 0 
7f74703d5000-7f74703dd000 r-xp 00000000 08:01 308022                     /usr/lib/jvm/java-7-openjdk-amd64/jre/lib/amd64/libzip.so
7f74703dd000-7f74705dc000 ---p 00008000 08:01 308022                     /usr/lib/jvm/java-7-openjdk-amd64/jre/lib/amd64/libzip.so
7f74705dc000-7f74705dd000 r--p 00007000 08:01 308022                     /usr/lib/jvm/java-7-openjdk-amd64/jre/lib/amd64/libzip.so
7f74705dd000-7f74705de000 rw-p 00008000 08:01 308022                     /usr/lib/jvm/java-7-openjdk-amd64/jre/lib/amd64/libzip.so
7f74705de000-7f74705e9000 r-xp 00000000 08:01 138010                     /lib/x86_64-linux-gnu/libnss_nis-2.19.so
7f74705e9000-7f74707e8000 ---p 0000b000 08:01 138010                     /lib/x86_64-linux-gnu/libnss_nis-2.19.so
7f74707e8000-7f74707e9000 r--p 0000a000 08:01 138010                     /lib/x86_64-linux-gnu/libnss_nis-2.19.so
7f74707e9000-7f74707ea000 rw-p 0000b000 08:01 138010                     /lib/x86_64-linux-gnu/libnss_nis-2.19.so
7f74707ea000-7f7470801000 r-xp 00000000 08:01 137994                     /lib/x86_64-linux-gnu/libnsl-2.19.so
7f7470801000-7f7470a00000 ---p 00017000 08:01 137994                     /lib/x86_64-linux-gnu/libnsl-2.19.so
7f7470a00000-7f7470a01000 r--p 00016000 08:01 137994                     /lib/x86_64-linux-gnu/libnsl-2.19.so
7f7470a01000-7f7470a02000 rw-p 00017000 08:01 137994                     /lib/x86_64-linux-gnu/libnsl-2.19.so
7f7470a02000-7f7470a04000 rw-p 00000000 00:00 0 
7f7470a04000-7f7470a0d000 r-xp 00000000 08:01 137996                     /lib/x86_64-linux-gnu/libnss_compat-2.19.so
7f7470a0d000-7f7470c0c000 ---p 00009000 08:01 137996                     /lib/x86_64-linux-gnu/libnss_compat-2.19.so
7f7470c0c000-7f7470c0d000 r--p 00008000 08:01 137996                     /lib/x86_64-linux-gnu/libnss_compat-2.19.so
7f7470c0d000-7f7470c0e000 rw-p 00009000 08:01 137996                     /lib/x86_64-linux-gnu/libnss_compat-2.19.so
7f7470c0e000-7f7470c39000 r-xp 00000000 08:01 308086                     /usr/lib/jvm/java-7-openjdk-amd64/jre/lib/amd64/libjava.so
7f7470c39000-7f7470e38000 ---p 0002b000 08:01 308086                     /usr/lib/jvm/java-7-openjdk-amd64/jre/lib/amd64/libjava.so
7f7470e38000-7f7470e39000 r--p 0002a000 08:01 308086                     /usr/lib/jvm/java-7-openjdk-amd64/jre/lib/amd64/libjava.so
7f7470e39000-7f7470e3b000 rw-p 0002b000 08:01 308086                     /usr/lib/jvm/java-7-openjdk-amd64/jre/lib/amd64/libjava.so
7f7470e3b000-7f7470e4b000 r-xp 00000000 08:01 308125                     /usr/lib/jvm/java-7-openjdk-amd64/jre/lib/amd64/libverify.so
7f7470e4b000-7f747104a000 ---p 00010000 08:01 308125                     /usr/lib/jvm/java-7-openjdk-amd64/jre/lib/amd64/libverify.so
7f747104a000-7f747104c000 r--p 0000f000 08:01 308125                     /usr/lib/jvm/java-7-openjdk-amd64/jre/lib/amd64/libverify.so
7f747104c000-7f747104d000 rw-p 00011000 08:01 308125                     /usr/lib/jvm/java-7-openjdk-amd64/jre/lib/amd64/libverify.so
7f747104d000-7f7471054000 r-xp 00000000 08:01 138053                     /lib/x86_64-linux-gnu/librt-2.19.so
7f7471054000-7f7471253000 ---p 00007000 08:01 138053                     /lib/x86_64-linux-gnu/librt-2.19.so
7f7471253000-7f7471254000 r--p 00006000 08:01 138053                     /lib/x86_64-linux-gnu/librt-2.19.so
7f7471254000-7f7471255000 rw-p 00007000 08:01 138053                     /lib/x86_64-linux-gnu/librt-2.19.so
7f7471255000-7f7471d6b000 r-xp 00000000 08:01 308132                     /usr/lib/jvm/java-7-openjdk-amd64/jre/lib/amd64/server/libjvm.so
7f7471d6b000-7f7471f6a000 ---p 00b16000 08:01 308132                     /usr/lib/jvm/java-7-openjdk-amd64/jre/lib/amd64/server/libjvm.so
7f7471f6a000-7f7472004000 r--p 00b15000 08:01 308132                     /usr/lib/jvm/java-7-openjdk-amd64/jre/lib/amd64/server/libjvm.so
7f7472004000-7f7472027000 rw-p 00baf000 08:01 308132                     /usr/lib/jvm/java-7-openjdk-amd64/jre/lib/amd64/server/libjvm.so
7f7472027000-7f7472055000 rw-p 00000000 00:00 0 
7f7472055000-7f747206b000 r-xp 00000000 08:01 137952                     /lib/x86_64-linux-gnu/libgcc_s.so.1
7f747206b000-7f747226a000 ---p 00016000 08:01 137952                     /lib/x86_64-linux-gnu/libgcc_s.so.1
7f747226a000-7f747226b000 rw-p 00015000 08:01 137952                     /lib/x86_64-linux-gnu/libgcc_s.so.1
7f747226b000-7f7472351000 r-xp 00000000 08:01 273138                     /usr/lib/x86_64-linux-gnu/libstdc++.so.6.0.19
7f7472351000-7f7472550000 ---p 000e6000 08:01 273138                     /usr/lib/x86_64-linux-gnu/libstdc++.so.6.0.19
7f7472550000-7f7472558000 r--p 000e5000 08:01 273138                     /usr/lib/x86_64-linux-gnu/libstdc++.so.6.0.19
7f7472558000-7f747255a000 rw-p 000ed000 08:01 273138                     /usr/lib/x86_64-linux-gnu/libstdc++.so.6.0.19
7f747255a000-7f747256f000 rw-p 00000000 00:00 0 
7f747256f000-7f74725f7000 r-xp 00000000 08:01 416215                     /usr/lib/python2.7/dist-packages/_jpype.so
7f74725f7000-7f74727f7000 ---p 00088000 08:01 416215                     /usr/lib/python2.7/dist-packages/_jpype.so
7f74727f7000-7f74727fa000 r--p 00088000 08:01 416215                     /usr/lib/python2.7/dist-packages/_jpype.so
7f74727fa000-7f74727fd000 rw-p 0008b000 08:01 416215                     /usr/lib/python2.7/dist-packages/_jpype.so
7f74727fd000-7f74727fe000 ---p 00000000 00:00 0 
7f74727fe000-7f7472ffe000 rw-p 00000000 00:00 0 
7f7472ffe000-7f7472fff000 ---p 00000000 00:00 0 
7f7472fff000-7f74737ff000 rw-p 00000000 00:00 0                          [stack:7699]
7f74737ff000-7f7473800000 ---p 00000000 00:00 0 
7f7473800000-7f7474000000 rw-p 00000000 00:00 0                          [stack:7700]
7f7474000000-7f747406e000 rw-p 00000000 00:00 0 
7f747406e000-7f7478000000 ---p 00000000 00:00 0 
7f7478032000-7f747803c000 rw-p 00000000 00:00 0 
7f747803c000-7f74780f2000 rw-p 00000000 00:00 0 
7f74780f2000-7f7478172000 rw-p 00000000 00:00 0 
7f7478172000-7f7478175000 ---p 00000000 00:00 0 
7f7478175000-7f7478973000 rw-p 00000000 00:00 0                          [stack:7701]
7f7478973000-7f747897e000 r-xp 00000000 08:01 138000                     /lib/x86_64-linux-gnu/libnss_files-2.19.so
7f747897e000-7f7478b7d000 ---p 0000b000 08:01 138000                     /lib/x86_64-linux-gnu/libnss_files-2.19.so
7f7478b7d000-7f7478b7e000 r--p 0000a000 08:01 138000                     /lib/x86_64-linux-gnu/libnss_files-2.19.so
7f7478b7e000-7f7478b7f000 rw-p 0000b000 08:01 138000                     /lib/x86_64-linux-gnu/libnss_files-2.19.so
7f7478b7f000-7f7478bff000 rw-p 00000000 00:00 0 
7f7478bff000-7f7478c00000 ---p 00000000 00:00 0 
7f7478c00000-7f7479440000 rw-p 00000000 00:00 0                          [stack:7679]
7f7479440000-7f7479444000 r-xp 00000000 08:01 397329                     /usr/lib/python2.7/lib-dynload/termios.x86_64-linux-gnu.so
7f7479444000-7f7479643000 ---p 00004000 08:01 397329                     /usr/lib/python2.7/lib-dynload/termios.x86_64-linux-gnu.so
7f7479643000-7f7479644000 r--p 00003000 08:01 397329                     /usr/lib/python2.7/lib-dynload/termios.x86_64-linux-gnu.so
7f7479644000-7f7479646000 rw-p 00004000 08:01 397329                     /usr/lib/python2.7/lib-dynload/termios.x86_64-linux-gnu.so
7f7479646000-7f7479746000 rw-p 00000000 00:00 0 
7f7479746000-7f74797fa000 r-xp 00000000 08:01 273128                     /usr/lib/x86_64-linux-gnu/libsqlite3.so.0.8.6
7f74797fa000-7f74799fa000 ---p 000b4000 08:01 273128                     /usr/lib/x86_64-linux-gnu/libsqlite3.so.0.8.6
7f74799fa000-7f74799fc000 r--p 000b4000 08:01 273128                     /usr/lib/x86_64-linux-gnu/libsqlite3.so.0.8.6
7f74799fc000-7f74799fe000 rw-p 000b6000 08:01 273128                     /usr/lib/x86_64-linux-gnu/libsqlite3.so.0.8.6
7f74799fe000-7f74799ff000 rw-p 00000000 00:00 0 
7f74799ff000-7f7479a11000 r-xp 00000000 08:01 397310                     /usr/lib/python2.7/lib-dynload/_sqlite3.x86_64-linux-gnu.so
7f7479a11000-7f7479c10000 ---p 00012000 08:01 397310                     /usr/lib/python2.7/lib-dynload/_sqlite3.x86_64-linux-gnu.so
7f7479c10000-7f7479c11000 r--p 00011000 08:01 397310                     /usr/lib/python2.7/lib-dynload/_sqlite3.x86_64-linux-gnu.so
7f7479c11000-7f7479c13000 rw-p 00012000 08:01 397310                     /usr/lib/python2.7/lib-dynload/_sqlite3.x86_64-linux-gnu.so
7f7479c13000-7f747a213000 rw-p 00000000 00:00 0 
7f747a213000-7f747a21f000 r-xp 00000000 08:01 397306                     /usr/lib/python2.7/lib-dynload/_json.x86_64-linux-gnu.so
7f747a21f000-7f747a41e000 ---p 0000c000 08:01 397306                     /usr/lib/python2.7/lib-dynload/_json.x86_64-linux-gnu.so
7f747a41e000-7f747a41f000 r--p 0000b000 08:01 397306                     /usr/lib/python2.7/lib-dynload/_json.x86_64-linux-gnu.so
7f747a41f000-7f747a420000 rw-p 0000c000 08:01 397306                     /usr/lib/python2.7/lib-dynload/_json.x86_64-linux-gnu.so
7f747a420000-7f747a560000 rw-p 00000000 00:00 0 
7f747a560000-7f747a564000 r-xp 00000000 08:01 397304                     /usr/lib/python2.7/lib-dynload/_hashlib.x86_64-linux-gnu.so
7f747a564000-7f747a763000 ---p 00004000 08:01 397304                     /usr/lib/python2.7/lib-dynload/_hashlib.x86_64-linux-gnu.so
7f747a763000-7f747a764000 r--p 00003000 08:01 397304                     /usr/lib/python2.7/lib-dynload/_hashlib.x86_64-linux-gnu.so
7f747a764000-7f747a765000 rw-p 00004000 08:01 397304                     /usr/lib/python2.7/lib-dynload/_hashlib.x86_64-linux-gnu.so
7f747a765000-7f747a7a5000 rw-p 00000000 00:00 0 
7f747a7a5000-7f747a956000 r-xp 00000000 08:01 137937                     /lib/x86_64-linux-gnu/libcrypto.so.1.0.0
7f747a956000-7f747ab55000 ---p 001b1000 08:01 137937                     /lib/x86_64-linux-gnu/libcrypto.so.1.0.0
7f747ab55000-7f747ab70000 r--p 001b0000 08:01 137937                     /lib/x86_64-linux-gnu/libcrypto.so.1.0.0
7f747ab70000-7f747ab7b000 rw-p 001cb000 08:01 137937                     /lib/x86_64-linux-gnu/libcrypto.so.1.0.0
7f747ab7b000-7f747ab7f000 rw-p 00000000 00:00 0 
7f747ab7f000-7f747abd3000 r-xp 00000000 08:01 138061                     /lib/x86_64-linux-gnu/libssl.so.1.0.0
7f747abd3000-7f747add3000 ---p 00054000 08:01 138061                     /lib/x86_64-linux-gnu/libssl.so.1.0.0
7f747add3000-7f747add6000 r--p 00054000 08:01 138061                     /lib/x86_64-linux-gnu/libssl.so.1.0.0
7f747add6000-7f747addc000 rw-p 00057000 08:01 138061                     /lib/x86_64-linux-gnu/libssl.so.1.0.0
7f747addc000-7f747addd000 rw-p 00000000 00:00 0 
7f747addd000-7f747ade5000 r-xp 00000000 08:01 397311                     /usr/lib/python2.7/lib-dynload/_ssl.x86_64-linux-gnu.so
7f747ade5000-7f747afe4000 ---p 00008000 08:01 397311                     /usr/lib/python2.7/lib-dynload/_ssl.x86_64-linux-gnu.so
7f747afe4000-7f747afe5000 r--p 00007000 08:01 397311                     /usr/lib/python2.7/lib-dynload/_ssl.x86_64-linux-gnu.so
7f747afe5000-7f747afe6000 rw-p 00008000 08:01 397311                     /usr/lib/python2.7/lib-dynload/_ssl.x86_64-linux-gnu.so
7f747afe6000-7f747b1a7000 rw-p 00000000 00:00 0 
7f747b1a7000-7f747b1be000 r-xp 00000000 08:01 397316                     /usr/lib/python2.7/lib-dynload/datetime.x86_64-linux-gnu.so
7f747b1be000-7f747b3bd000 ---p 00017000 08:01 397316                     /usr/lib/python2.7/lib-dynload/datetime.x86_64-linux-gnu.so
7f747b3bd000-7f747b3be000 r--p 00016000 08:01 397316                     /usr/lib/python2.7/lib-dynload/datetime.x86_64-linux-gnu.so
7f747b3be000-7f747b3c2000 rw-p 00017000 08:01 397316                     /usr/lib/python2.7/lib-dynload/datetime.x86_64-linux-gnu.so
7f747b3c2000-7f747b442000 rw-p 00000000 00:00 0 
7f747b442000-7f747bb24000 r--p 00000000 08:01 269724                     /usr/lib/locale/locale-archive
7f747bb24000-7f747bc29000 r-xp 00000000 08:01 137975                     /lib/x86_64-linux-gnu/libm-2.19.so
7f747bc29000-7f747be28000 ---p 00105000 08:01 137975                     /lib/x86_64-linux-gnu/libm-2.19.so
7f747be28000-7f747be29000 r--p 00104000 08:01 137975                     /lib/x86_64-linux-gnu/libm-2.19.so
7f747be29000-7f747be2a000 rw-p 00105000 08:01 137975                     /lib/x86_64-linux-gnu/libm-2.19.so
7f747be2a000-7f747be42000 r-xp 00000000 08:01 138088                     /lib/x86_64-linux-gnu/libz.so.1.2.8
7f747be42000-7f747c041000 ---p 00018000 08:01 138088                     /lib/x86_64-linux-gnu/libz.so.1.2.8
7f747c041000-7f747c042000 r--p 00017000 08:01 138088                     /lib/x86_64-linux-gnu/libz.so.1.2.8
7f747c042000-7f747c043000 rw-p 00018000 08:01 138088                     /lib/x86_64-linux-gnu/libz.so.1.2.8
7f747c043000-7f747c045000 r-xp 00000000 08:01 138080                     /lib/x86_64-linux-gnu/libutil-2.19.so
7f747c045000-7f747c244000 ---p 00002000 08:01 138080                     /lib/x86_64-linux-gnu/libutil-2.19.so
7f747c244000-7f747c245000 r--p 00001000 08:01 138080                     /lib/x86_64-linux-gnu/libutil-2.19.so
7f747c245000-7f747c246000 rw-p 00002000 08:01 138080                     /lib/x86_64-linux-gnu/libutil-2.19.so
7f747c246000-7f747c249000 r-xp 00000000 08:01 137942                     /lib/x86_64-linux-gnu/libdl-2.19.so
7f747c249000-7f747c448000 ---p 00003000 08:01 137942                     /lib/x86_64-linux-gnu/libdl-2.19.so
7f747c448000-7f747c449000 r--p 00002000 08:01 137942                     /lib/x86_64-linux-gnu/libdl-2.19.so
7f747c449000-7f747c44a000 rw-p 00003000 08:01 137942                     /lib/x86_64-linux-gnu/libdl-2.19.so
7f747c44a000-7f747c606000 r-xp 00000000 08:01 137925                     /lib/x86_64-linux-gnu/libc-2.19.so
7f747c606000-7f747c805000 ---p 001bc000 08:01 137925                     /lib/x86_64-linux-gnu/libc-2.19.so
7f747c805000-7f747c809000 r--p 001bb000 08:01 137925                     /lib/x86_64-linux-gnu/libc-2.19.so
7f747c809000-7f747c80b000 rw-p 001bf000 08:01 137925                     /lib/x86_64-linux-gnu/libc-2.19.so
7f747c80b000-7f747c810000 rw-p 00000000 00:00 0 
7f747c810000-7f747c829000 r-xp 00000000 08:01 138045                     /lib/x86_64-linux-gnu/libpthread-2.19.so
7f747c829000-7f747ca28000 ---p 00019000 08:01 138045                     /lib/x86_64-linux-gnu/libpthread-2.19.so
7f747ca28000-7f747ca29000 r--p 00018000 08:01 138045                     /lib/x86_64-linux-gnu/libpthread-2.19.so
7f747ca29000-7f747ca2a000 rw-p 00019000 08:01 138045                     /lib/x86_64-linux-gnu/libpthread-2.19.so
7f747ca2a000-7f747ca2e000 rw-p 00000000 00:00 0 
7f747ca2e000-7f747ca51000 r-xp 00000000 08:01 137901                     /lib/x86_64-linux-gnu/ld-2.19.so
7f747ca82000-7f747cb42000 rw-p 00000000 00:00 0 
7f747cb65000-7f747cb6a000 r--s 0004c000 08:01 203467                     /usr/lib/jvm/java-7-openjdk-amd64/jre/lib/jsse.jar
7f747cb6a000-7f747cb6b000 r--s 00002000 08:01 308163                     /usr/lib/jvm/java-7-openjdk-amd64/jre/lib/ext/dnsns.jar
7f747cb6b000-7f747cb6f000 r--s 0003c000 08:01 308160                     /usr/lib/jvm/java-7-openjdk-amd64/jre/lib/ext/sunpkcs11.jar
7f747cb6f000-7f747cb73000 r--s 00034000 08:01 308162                     /usr/lib/jvm/java-7-openjdk-amd64/jre/lib/ext/sunjce_provider.jar
7f747cb73000-7f747cc38000 rw-p 00000000 00:00 0 
7f747cc38000-7f747cc3b000 r--s 0000f000 08:01 308158                     /usr/lib/jvm/java-7-openjdk-amd64/jre/lib/ext/icedtea-sound.jar
7f747cc3b000-7f747cc3d000 r--s 00012000 08:01 308159                     /usr/lib/jvm/java-7-openjdk-amd64/jre/lib/ext/zipfs.jar
7f747cc3d000-7f747cc3f000 r--s 00006000 08:01 203533                     /usr/share/java/java-atk-wrapper.jar
7f747cc3f000-7f747cc43000 r--s 00085000 08:01 308161                     /usr/lib/jvm/java-7-openjdk-amd64/jre/lib/ext/localedata.jar
7f747cc43000-7f747cc4b000 rw-s 00000000 08:01 59368                      /tmp/hsperfdata_root/7678 (deleted)
7f747cc4b000-7f747cc4c000 rw-p 00000000 00:00 0 
7f747cc4c000-7f747cc4d000 ---p 00000000 00:00 0 
7f747cc4d000-7f747cc50000 rw-p 00000000 00:00 0 
7f747cc50000-7f747cc51000 r--p 00022000 08:01 137901                     /lib/x86_64-linux-gnu/ld-2.19.so
7f747cc51000-7f747cc52000 rw-p 00023000 08:01 137901                     /lib/x86_64-linux-gnu/ld-2.19.so
7f747cc52000-7f747cc53000 rw-p 00000000 00:00 0 
7fff63ab5000-7fff63ad6000 rw-p 00000000 00:00 0                          [stack]
7fff63be8000-7fff63bea000 r-xp 00000000 00:00 0                          [vdso]
ffffffffff600000-ffffffffff601000 r-xp 00000000 00:00 0                  [vsyscall]

VM Arguments:
jvm_args: -ea 
java_command: <unknown>
Launcher Type: generic

Environment Variables:
PATH=/usr/local/sbin:/usr/local/bin:/usr/sbin:/usr/bin:/sbin:/bin:/usr/games:/usr/local/games
USERNAME=root
SHELL=/bin/bash
DISPLAY=:0

Signal Handlers:
SIGSEGV: [libjvm.so+0x9495e0], sa_mask[0]=0x7ffbfeff, sa_flags=0x10000004
SIGBUS: [libjvm.so+0x9495e0], sa_mask[0]=0x7ffbfeff, sa_flags=0x10000004
SIGFPE: [libjvm.so+0x7c3410], sa_mask[0]=0x7ffbfeff, sa_flags=0x10000004
SIGPIPE: [libjvm.so+0x7c3410], sa_mask[0]=0x7ffbfeff, sa_flags=0x10000004
SIGXFSZ: [libjvm.so+0x7c3410], sa_mask[0]=0x7ffbfeff, sa_flags=0x10000004
SIGILL: [libjvm.so+0x7c3410], sa_mask[0]=0x7ffbfeff, sa_flags=0x10000004
SIGUSR1: SIG_DFL, sa_mask[0]=0x00000000, sa_flags=0x00000000
SIGUSR2: [libjvm.so+0x7c32b0], sa_mask[0]=0x00000000, sa_flags=0x10000004
SIGHUP: [libjvm.so+0x7c3490], sa_mask[0]=0x7ffbfeff, sa_flags=0x10000004
SIGINT: [libjvm.so+0x7c3490], sa_mask[0]=0x7ffbfeff, sa_flags=0x10000004
SIGTERM: [libjvm.so+0x7c3490], sa_mask[0]=0x7ffbfeff, sa_flags=0x10000004
SIGQUIT: [libjvm.so+0x7c3490], sa_mask[0]=0x7ffbfeff, sa_flags=0x10000004
SIGTRAP: SIG_DFL, sa_mask[0]=0x00000000, sa_flags=0x00000000


---------------  S Y S T E M  ---------------

OS:Ubuntu 14.04 (trusty)
uname:Linux 3.13.0-24-generic #46-Ubuntu SMP Thu Apr 10 19:11:08 UTC 2014 x86_64
libc:glibc 2.19 NPTL 2.19 
rlimit: STACK 8192k, CORE 0k, NPROC 3752, NOFILE 4096, AS infinity
load average:0.22 0.17 0.15

/proc/meminfo:
MemTotal:         501832 kB
MemFree:           15764 kB
Buffers:           11328 kB
Cached:            76440 kB
SwapCached:        21256 kB
Active:           209972 kB
Inactive:         183188 kB
Active(anon):     145184 kB
Inactive(anon):   160920 kB
Active(file):      64788 kB
Inactive(file):    22268 kB
Unevictable:          32 kB
Mlocked:              32 kB
SwapTotal:        522236 kB
SwapFree:         123264 kB
Dirty:               316 kB
Writeback:             0 kB
AnonPages:        284276 kB
Mapped:            40160 kB
Shmem:               672 kB
Slab:              43936 kB
SReclaimable:      23364 kB
SUnreclaim:        20572 kB
KernelStack:        3064 kB
PageTables:        29756 kB
NFS_Unstable:          0 kB
Bounce:                0 kB
WritebackTmp:          0 kB
CommitLimit:      773152 kB
Committed_AS:    3263516 kB
VmallocTotal:   34359738367 kB
VmallocUsed:       22184 kB
VmallocChunk:   34359711448 kB
HardwareCorrupted:     0 kB
AnonHugePages:         0 kB
HugePages_Total:       0
HugePages_Free:        0
HugePages_Rsvd:        0
HugePages_Surp:        0
Hugepagesize:       2048 kB
DirectMap4k:       40896 kB
DirectMap2M:      483328 kB


CPU:total 1 (1 cores per cpu, 1 threads per core) family 6 model 42 stepping 7, cmov, cx8, fxsr, mmx, sse, sse2, sse3, ssse3, tsc

/proc/cpuinfo:
processor	: 0
vendor_id	: GenuineIntel
cpu family	: 6
model		: 42
model name	: Intel(R) Core(TM) i5-2450M CPU @ 2.50GHz
stepping	: 7
cpu MHz		: 2414.682
cache size	: 6144 KB
physical id	: 0
siblings	: 1
core id		: 0
cpu cores	: 1
apicid		: 0
initial apicid	: 0
fpu		: yes
fpu_exception	: yes
cpuid level	: 5
wp		: yes
flags		: fpu vme de pse tsc msr pae mce cx8 apic sep mtrr pge mca cmov pat pse36 clflush mmx fxsr sse sse2 syscall nx rdtscp lm constant_tsc rep_good nopl pni monitor ssse3 lahf_lm
bogomips	: 4829.36
clflush size	: 64
cache_alignment	: 64
address sizes	: 36 bits physical, 48 bits virtual
power management:



Memory: 4k page, physical 501832k(15764k free), swap 522236k(123264k free)

vm_info: OpenJDK 64-Bit Server VM (24.65-b04) for linux-amd64 JRE (1.7.0_65-b32), built on Oct 22 2014 04:37:44 by "buildd" with gcc 4.8.2

time: Fri Jan 16 12:27:06 2015
elapsed time: 28 seconds

